18:33:19.660 [main                     ] DEBUG Logger               - Configured Logger
18:33:19.683 [main                     ] DEBUG GameApplication      - Logging settings
Title: The Memory Game
Version: 0.0.1
Width: 800
Height: 800
Fullscreen: false
Intro: false
Profiling: false
Single step:false
App Mode: DEVELOPER
Menu Key: ESCAPE
Stage Style: DECORATED
Scene Factory: class MemoryPuzzle$1

18:33:20.092 [JavaFX Application Thread] DEBUG FXGLApplication      - Initializing FXGL
18:33:20.097 [JavaFX Application Thread] INFO  Engine               - FXGL-17.2 (20.08.2022 16.54) on WINDOWS (J:17.0.4.1 FX:19)
18:33:20.098 [JavaFX Application Thread] DEBUG Engine               - JRE Vendor Name: Oracle Corporation
18:33:20.098 [JavaFX Application Thread] DEBUG Engine               - Running on OS: Windows 10 version 10.0
18:33:20.099 [JavaFX Application Thread] DEBUG Engine               - Architecture: amd64
18:33:20.099 [JavaFX Application Thread] INFO  Engine               - Source code and latest versions at: https://github.com/AlmasB/FXGL
18:33:20.099 [JavaFX Application Thread] INFO  Engine               -       Ask questions and discuss at: https://github.com/AlmasB/FXGL/discussions
18:33:20.099 [JavaFX Application Thread] INFO  Engine               -              Join the FXGL chat at: https://gitter.im/AlmasB/FXGL
18:33:20.212 [JavaFX Application Thread] DEBUG PrimaryStageWindow   - Creating a JavaFX scene
18:33:20.257 [JavaFX Application Thread] DEBUG PrimaryStageWindow   - Target settings size: 800.0 x 800.0
18:33:20.257 [JavaFX Application Thread] DEBUG PrimaryStageWindow   - Scaled scene size:    800.0 x 800.0
18:33:20.258 [JavaFX Application Thread] DEBUG PrimaryStageWindow   - Scaled ratio: (1.0, 1.0)
18:33:20.259 [JavaFX Application Thread] DEBUG PrimaryStageWindow   - Set initial scene to FXGLStartupScene
18:33:20.267 [JavaFX Application Thread] DEBUG PrimaryStageWindow   - Opening main window
18:33:20.353 [JavaFX Application Thread] DEBUG PrimaryStageWindow   - Window border size: (16.0, 39.0)
18:33:20.354 [JavaFX Application Thread] DEBUG PrimaryStageWindow   - Scaled size: 800.0 x 800.0
18:33:20.354 [JavaFX Application Thread] DEBUG PrimaryStageWindow   - Scaled ratio: (1.0, 1.0)
18:33:20.354 [JavaFX Application Thread] DEBUG PrimaryStageWindow   - Scene size: 800.0 x 800.0
18:33:20.355 [JavaFX Application Thread] DEBUG PrimaryStageWindow   - Stage size: 816.0 x 839.0
18:33:20.363 [FXGL Background Thread 1 ] DEBUG Engine               - Initializing environment variables
18:33:20.409 [FXGL Background Thread 1 ] DEBUG FXGLAssetLoaderServi - User app class for loading assets: class MemoryPuzzle
18:33:20.409 [FXGL Background Thread 1 ] DEBUG GameApplicationServi - Applying CSS: fxgl_dark.css
18:33:20.411 [FXGL Background Thread 1 ] DEBUG FXGLAssetLoaderServi - Loading from file system: jar:file:/D:/Downloads/fxgl-17.2-uber.jar!/fxglassets/ui/css/fxgl_dark.css
18:33:20.455 [FXGL Background Thread 1 ] DEBUG GameApplicationServi - Initializing application scenes
18:33:20.489 [FXGL Background Thread 1 ] DEBUG GameWorld            - Game world initialized
18:33:20.549 [FXGL Background Thread 1 ] DEBUG PhysicsWorld         - Physics world initialized: appHeight=800, physics.ppm=50.0
18:33:20.549 [FXGL Background Thread 1 ] DEBUG PhysicsWorld         - Using strategy: BRUTE_FORCE
18:33:20.553 [FXGL Background Thread 1 ] DEBUG GameScene            - Game scene initialized: 800x800
18:33:20.608 [FXGL Background Thread 1 ] DEBUG GameApplicationServi - Application scenes initialized
18:33:20.628 [FXGL Background Thread 1 ] DEBUG SystemBundleService  - Loading FXGL system data
18:33:20.633 [FXGL Background Thread 1 ] DEBUG FileSystemAccess     - Reading from: Z:\javaFXGLresearch\system\fxgl.bundle
18:33:20.640 [FXGL Background Thread 1 ] DEBUG SystemBundleService  - Bundle FXGL: {}
18:33:20.640 [FXGL Background Thread 1 ] DEBUG UpdaterService       - Checking for updates
18:33:20.649 [FXGL Background Thread 1 ] DEBUG FXGLApplication      - Loading default localization
18:33:20.650 [FXGL Background Thread 1 ] DEBUG FXGLAssetLoaderServi - Loading from file system: jar:file:/D:/Downloads/fxgl-17.2-uber.jar!/fxglassets/languages/english.lang
18:33:20.651 [FXGL Background Thread 4 ] DEBUG FXGLApplication      - Loading fonts
18:33:20.652 [FXGL Background Thread 4 ] DEBUG FXGLAssetLoaderServi - Loading from file system: jar:file:/D:/Downloads/fxgl-17.2-uber.jar!/fxglassets/ui/fonts/VarelaRound-Regular.ttf
18:33:20.675 [FXGL Background Thread 1 ] INFO  FXGLApplication      - FXGL initialization took: 0.312 sec
18:33:20.677 [JavaFX Application Thread] DEBUG FXGLAssetLoaderServi - Loading from file system: jar:file:/D:/Downloads/fxgl-17.2-uber.jar!/fxglassets/textures/fxgl_icon.png
18:33:20.707 [FXGL Background Thread 4 ] DEBUG FXGLAssetLoaderServi - Loading from file system: jar:file:/D:/Downloads/fxgl-17.2-uber.jar!/fxglassets/ui/fonts/Abel-Regular.ttf
18:33:20.711 [FXGL Background Thread 4 ] DEBUG FXGLAssetLoaderServi - Loading from file system: jar:file:/D:/Downloads/fxgl-17.2-uber.jar!/fxglassets/ui/fonts/TerminalLandMono-Regular.otf
18:33:20.716 [FXGL Background Thread 4 ] DEBUG FXGLAssetLoaderServi - Loading from file system: jar:file:/D:/Downloads/fxgl-17.2-uber.jar!/fxglassets/ui/fonts/Courier-Prime.ttf
18:33:20.723 [JavaFX Application Thread] DEBUG FXGLAssetLoaderServi - Loading from file system: jar:file:/D:/Downloads/fxgl-17.2-uber.jar!/fxglassets/textures/fxgl_default_cursor.png
18:33:20.739 [JavaFX Application Thread] DEBUG Input                - Registered new binding: Screenshot - CTRL+8
18:33:20.739 [JavaFX Application Thread] DEBUG Input                - Registered new binding: System info dump - CTRL+9
18:33:20.740 [JavaFX Application Thread] DEBUG Input                - Registered new binding: Restart - CTRL+R
18:33:20.741 [JavaFX Application Thread] DEBUG Input                - Registered new binding: Toggle Debug Camera - CTRL+7
18:33:20.744 [JavaFX Application Thread] DEBUG LoopRunner           - Starting loop
18:33:20.744 [JavaFX Application Thread] DEBUG LoopRunner           - Initializing JavaFX AnimationTimerLoop
18:33:20.749 [JavaFX Application Thread] DEBUG Input                - Clearing active input actions
18:33:20.756 [JavaFX Application Thread] DEBUG GameApplicationServi - Removing overlay from FXGLStartupScene and adding to FXGLMainMenuDummyScene
18:33:20.756 [JavaFX Application Thread] DEBUG PrimaryStageWindow   - FXGLStartupScene -> FXGLMainMenuDummyScene
18:33:20.757 [JavaFX Application Thread] DEBUG PrimaryStageWindow   - Push state: MemoryMainMenu
18:33:20.757 [JavaFX Application Thread] DEBUG Input                - Clearing active input actions
18:33:20.760 [JavaFX Application Thread] DEBUG GameApplicationServi - Removing overlay from FXGLMainMenuDummyScene and adding to MemoryMainMenu
18:33:20.761 [JavaFX Application Thread] DEBUG PrimaryStageWindow   - FXGLMainMenuDummyScene -> MemoryMainMenu
18:33:20.761 [JavaFX Application Thread] DEBUG FXGLApplication      - Registering font factories with UI factory
18:33:23.647 [FXGL Background Thread 3 ] DEBUG Engine               - Logging environment variables
18:33:23.647 [FXGL Background Thread 3 ] DEBUG Engine               - achievements: []
18:33:23.647 [FXGL Background Thread 3 ] DEBUG Engine               - actualHeight: 800.0
18:33:23.648 [FXGL Background Thread 3 ] DEBUG Engine               - actualHeightProperty: ReadOnlyDoubleProperty [value: 800.0]
18:33:23.648 [FXGL Background Thread 3 ] DEBUG Engine               - actualWidth: 800.0
18:33:23.648 [FXGL Background Thread 3 ] DEBUG Engine               - actualWidthProperty: ReadOnlyDoubleProperty [value: 800.0]
18:33:23.648 [FXGL Background Thread 3 ] DEBUG Engine               - appIcon: fxgl_icon.png
18:33:23.648 [FXGL Background Thread 3 ] DEBUG Engine               - applicationMode: DEVELOPER
18:33:23.648 [FXGL Background Thread 3 ] DEBUG Engine               - cSSList: [fxgl_dark.css]
18:33:23.648 [FXGL Background Thread 3 ] DEBUG Engine               - collisionDetectionStrategy: BRUTE_FORCE
18:33:23.648 [FXGL Background Thread 3 ] DEBUG Engine               - configClass: Optional.empty
18:33:23.648 [FXGL Background Thread 3 ] DEBUG Engine               - credits: []
18:33:23.650 [FXGL Background Thread 3 ] DEBUG Engine               - defaultCursor: CursorInfo(imageName=fxgl_default_cursor.png, hotspotX=7.0, hotspotY=6.0)
18:33:23.650 [FXGL Background Thread 3 ] DEBUG Engine               - devBBoxColorProperty: ObjectProperty [value: 0xff0000ff]
18:33:23.651 [FXGL Background Thread 3 ] DEBUG Engine               - devEnableDebugCameraProperty: BooleanProperty [value: false]
18:33:23.651 [FXGL Background Thread 3 ] DEBUG Engine               - devSensorColorProperty: ObjectProperty [value: 0xffff00ff]
18:33:23.651 [FXGL Background Thread 3 ] DEBUG Engine               - devShowBBoxProperty: BooleanProperty [value: false]
18:33:23.651 [FXGL Background Thread 3 ] DEBUG Engine               - devShowPositionProperty: BooleanProperty [value: false]
18:33:23.651 [FXGL Background Thread 3 ] DEBUG Engine               - enabledMenuItems: []
18:33:23.651 [FXGL Background Thread 3 ] DEBUG Engine               - engineServices: [class com.almasb.fxgl.app.services.FXGLAssetLoaderService, class com.almasb.fxgl.app.FXGLApplication$GameApplicationService, class com.almasb.fxgl.app.services.FXGLDialogService, class com.almasb.fxgl.app.services.IOTaskExecutorService, class com.almasb.fxgl.io.FileSystemService, class com.almasb.fxgl.localization.LocalizationService, class com.almasb.fxgl.app.services.SystemBundleService, class com.almasb.fxgl.profile.SaveLoadService, class com.almasb.fxgl.ui.FXGLUIFactoryServiceProvider, class com.almasb.fxgl.ui.FXGLDialogFactoryServiceProvider, class com.almasb.fxgl.audio.AudioPlayer, class com.almasb.fxgl.notification.impl.NotificationServiceProvider, class com.almasb.fxgl.achievement.AchievementService, class com.almasb.fxgl.cutscene.CutsceneService, class com.almasb.fxgl.minigames.MiniGameService, class com.almasb.fxgl.net.NetService, class com.almasb.fxgl.app.services.UpdaterService, class com.almasb.fxgl.dev.DevService]
18:33:23.651 [FXGL Background Thread 3 ] DEBUG Engine               - fontGame: Abel-Regular.ttf
18:33:23.652 [FXGL Background Thread 3 ] DEBUG Engine               - fontMono: TerminalLandMono-Regular.otf
18:33:23.652 [FXGL Background Thread 3 ] DEBUG Engine               - fontText: Courier-Prime.ttf
18:33:23.652 [FXGL Background Thread 3 ] DEBUG Engine               - fontUI: VarelaRound-Regular.ttf
18:33:23.652 [FXGL Background Thread 3 ] DEBUG Engine               - fullScreen: BooleanProperty [value: false]
18:33:23.652 [FXGL Background Thread 3 ] DEBUG Engine               - gameDifficulty: MEDIUM
18:33:23.652 [FXGL Background Thread 3 ] DEBUG Engine               - gameDifficultyProperty: ObjectProperty [value: MEDIUM]
18:33:23.652 [FXGL Background Thread 3 ] DEBUG Engine               - globalMusicVolume: 0.5
18:33:23.652 [FXGL Background Thread 3 ] DEBUG Engine               - globalMusicVolumeProperty: DoubleProperty [value: 0.5]
18:33:23.652 [FXGL Background Thread 3 ] DEBUG Engine               - globalSoundVolume: 0.5
18:33:23.652 [FXGL Background Thread 3 ] DEBUG Engine               - globalSoundVolumeProperty: DoubleProperty [value: 0.5]
18:33:23.652 [FXGL Background Thread 3 ] DEBUG Engine               - height: 800
18:33:23.653 [FXGL Background Thread 3 ] DEBUG Engine               - is3D: false
18:33:23.653 [FXGL Background Thread 3 ] DEBUG Engine               - isAndroid: false
18:33:23.653 [FXGL Background Thread 3 ] DEBUG Engine               - isBrowser: false
18:33:23.653 [FXGL Background Thread 3 ] DEBUG Engine               - isClickFeedbackEnabled: false
18:33:23.653 [FXGL Background Thread 3 ] DEBUG Engine               - isCloseConfirmation: false
18:33:23.653 [FXGL Background Thread 3 ] DEBUG Engine               - isDesktop: true
18:33:23.653 [FXGL Background Thread 3 ] DEBUG Engine               - isDeveloperMenuEnabled: false
18:33:23.653 [FXGL Background Thread 3 ] DEBUG Engine               - isEmbedded: false
18:33:23.653 [FXGL Background Thread 3 ] DEBUG Engine               - isEntityPreloadEnabled: true
18:33:23.653 [FXGL Background Thread 3 ] DEBUG Engine               - isExperimentalTiledLargeMap: false
18:33:23.653 [FXGL Background Thread 3 ] DEBUG Engine               - isFileSystemWriteAllowed: true
18:33:23.653 [FXGL Background Thread 3 ] DEBUG Engine               - isFullScreenAllowed: false
18:33:23.654 [FXGL Background Thread 3 ] DEBUG Engine               - isFullScreenFromStart: false
18:33:23.654 [FXGL Background Thread 3 ] DEBUG Engine               - isGameMenuEnabled: true
18:33:23.654 [FXGL Background Thread 3 ] DEBUG Engine               - isIOS: false
18:33:23.654 [FXGL Background Thread 3 ] DEBUG Engine               - isIntroEnabled: false
18:33:23.654 [FXGL Background Thread 3 ] DEBUG Engine               - isLinux: false
18:33:23.654 [FXGL Background Thread 3 ] DEBUG Engine               - isMac: false
18:33:23.654 [FXGL Background Thread 3 ] DEBUG Engine               - isMainMenuEnabled: true
18:33:23.654 [FXGL Background Thread 3 ] DEBUG Engine               - isManualResizeEnabled: false
18:33:23.654 [FXGL Background Thread 3 ] DEBUG Engine               - isMobile: false
18:33:23.654 [FXGL Background Thread 3 ] DEBUG Engine               - isNative: false
18:33:23.654 [FXGL Background Thread 3 ] DEBUG Engine               - isPauseMusicWhenMinimized: true
18:33:23.654 [FXGL Background Thread 3 ] DEBUG Engine               - isPreserveResizeRatio: false
18:33:23.655 [FXGL Background Thread 3 ] DEBUG Engine               - isProfilingEnabled: false
18:33:23.655 [FXGL Background Thread 3 ] DEBUG Engine               - isScaleAffectedOnResize: true
18:33:23.655 [FXGL Background Thread 3 ] DEBUG Engine               - isSingleStep: false
18:33:23.655 [FXGL Background Thread 3 ] DEBUG Engine               - isUserProfileEnabled: false
18:33:23.655 [FXGL Background Thread 3 ] DEBUG Engine               - isWindows: true
18:33:23.655 [FXGL Background Thread 3 ] DEBUG Engine               - language: ObjectProperty [value: ENGLISH]
18:33:23.655 [FXGL Background Thread 3 ] DEBUG Engine               - menuKey: ESCAPE
18:33:23.655 [FXGL Background Thread 3 ] DEBUG Engine               - mouseSensitivity: 0.2
18:33:23.655 [FXGL Background Thread 3 ] DEBUG Engine               - notificationViewClass: class com.almasb.fxgl.notification.view.XboxNotificationView
18:33:23.655 [FXGL Background Thread 3 ] DEBUG Engine               - pixelsPerMeter: 50.0
18:33:23.655 [FXGL Background Thread 3 ] DEBUG Engine               - platform: WINDOWS
18:33:23.655 [FXGL Background Thread 3 ] DEBUG Engine               - prefHeightProperty: ReadOnlyDoubleProperty [value: 800.0]
18:33:23.656 [FXGL Background Thread 3 ] DEBUG Engine               - prefWidthProperty: ReadOnlyDoubleProperty [value: 800.0]
18:33:23.656 [FXGL Background Thread 3 ] DEBUG Engine               - profileDir: profiles/
18:33:23.656 [FXGL Background Thread 3 ] DEBUG Engine               - profileName: StringProperty [value: DEFAULT]
18:33:23.656 [FXGL Background Thread 3 ] DEBUG Engine               - randomSeed: -1
18:33:23.656 [FXGL Background Thread 3 ] DEBUG Engine               - runtimeInfo: RuntimeInfo(platform=WINDOWS, version=17.2, build=20.08.2022 16.54)
18:33:23.656 [FXGL Background Thread 3 ] DEBUG Engine               - saveFileExt: sav
18:33:23.656 [FXGL Background Thread 3 ] DEBUG Engine               - scaledHeightProp$fxgl: DoubleProperty [bound, value: 800.0]
18:33:23.656 [FXGL Background Thread 3 ] DEBUG Engine               - scaledWidthProp$fxgl: DoubleProperty [bound, value: 800.0]
18:33:23.656 [FXGL Background Thread 3 ] DEBUG Engine               - sceneFactory: MemoryPuzzle$1@5ec7e4e7
18:33:23.657 [FXGL Background Thread 3 ] DEBUG Engine               - secondsIn24h: 60
18:33:23.657 [FXGL Background Thread 3 ] DEBUG Engine               - soundMenuBack: menu/back.wav
18:33:23.657 [FXGL Background Thread 3 ] DEBUG Engine               - soundMenuPress: menu/press.wav
18:33:23.657 [FXGL Background Thread 3 ] DEBUG Engine               - soundMenuSelect: menu/select.wav
18:33:23.657 [FXGL Background Thread 3 ] DEBUG Engine               - soundNotification: core/notification.wav
18:33:23.657 [FXGL Background Thread 3 ] DEBUG Engine               - stageStyle: DECORATED
18:33:23.657 [FXGL Background Thread 3 ] DEBUG Engine               - supportedLanguages: [ENGLISH, FRENCH, GERMAN, HUNGARIAN, RUSSIAN]
18:33:23.657 [FXGL Background Thread 3 ] DEBUG Engine               - ticksPerSecond: -1
18:33:23.657 [FXGL Background Thread 3 ] DEBUG Engine               - title: The Memory Game
18:33:23.657 [FXGL Background Thread 3 ] DEBUG Engine               - urlGithub: https://github.com/AlmasB/FXGL
18:33:23.657 [FXGL Background Thread 3 ] DEBUG Engine               - urlLeaderboard: http://fxgl-top.herokuapp.com/
18:33:23.657 [FXGL Background Thread 3 ] DEBUG Engine               - urlPOM: https://raw.githubusercontent.com/AlmasB/FXGL/release/README.md
18:33:23.657 [FXGL Background Thread 3 ] DEBUG Engine               - userAppClass: class MemoryPuzzle
18:33:23.658 [FXGL Background Thread 3 ] DEBUG Engine               - version: 0.0.1
18:33:23.658 [FXGL Background Thread 3 ] DEBUG Engine               - versionCheckDays: 7
18:33:23.658 [FXGL Background Thread 3 ] DEBUG Engine               - width: 800
18:33:23.658 [FXGL Background Thread 3 ] DEBUG Engine               - Logging services
18:33:23.658 [FXGL Background Thread 3 ] DEBUG Engine               - class com.almasb.fxgl.app.services.FXGLAssetLoaderService
18:33:23.658 [FXGL Background Thread 3 ] DEBUG Engine               - class com.almasb.fxgl.app.FXGLApplication$GameApplicationService
18:33:23.658 [FXGL Background Thread 3 ] DEBUG Engine               - class com.almasb.fxgl.app.services.FXGLDialogService
18:33:23.658 [FXGL Background Thread 3 ] DEBUG Engine               - class com.almasb.fxgl.app.services.IOTaskExecutorService
18:33:23.658 [FXGL Background Thread 3 ] DEBUG Engine               - class com.almasb.fxgl.io.FileSystemService
18:33:23.658 [FXGL Background Thread 3 ] DEBUG Engine               - class com.almasb.fxgl.localization.LocalizationService
18:33:23.658 [FXGL Background Thread 3 ] DEBUG Engine               - class com.almasb.fxgl.app.services.SystemBundleService
18:33:23.658 [FXGL Background Thread 3 ] DEBUG Engine               - class com.almasb.fxgl.profile.SaveLoadService
18:33:23.658 [FXGL Background Thread 3 ] DEBUG Engine               - class com.almasb.fxgl.ui.FXGLUIFactoryServiceProvider
18:33:23.658 [FXGL Background Thread 3 ] DEBUG Engine               - class com.almasb.fxgl.ui.FXGLDialogFactoryServiceProvider
18:33:23.658 [FXGL Background Thread 3 ] DEBUG Engine               - class com.almasb.fxgl.audio.AudioPlayer
18:33:23.659 [FXGL Background Thread 3 ] DEBUG Engine               - class com.almasb.fxgl.notification.impl.NotificationServiceProvider
18:33:23.659 [FXGL Background Thread 3 ] DEBUG Engine               - class com.almasb.fxgl.achievement.AchievementService
18:33:23.659 [FXGL Background Thread 3 ] DEBUG Engine               - class com.almasb.fxgl.cutscene.CutsceneService
18:33:23.659 [FXGL Background Thread 3 ] DEBUG Engine               - class com.almasb.fxgl.minigames.MiniGameService
18:33:23.659 [FXGL Background Thread 3 ] DEBUG Engine               - class com.almasb.fxgl.net.NetService
18:33:23.659 [FXGL Background Thread 3 ] DEBUG Engine               - class com.almasb.fxgl.app.services.UpdaterService
18:33:23.659 [FXGL Background Thread 3 ] DEBUG Engine               - class com.almasb.fxgl.dev.DevService
18:33:26.297 [JavaFX Application Thread] DEBUG Menu                 - fireNewGame()
18:33:26.297 [JavaFX Application Thread] DEBUG GameApplicationServi - Starting new game
18:33:26.298 [JavaFX Application Thread] DEBUG PrimaryStageWindow   - Pop state: MemoryMainMenu
18:33:26.298 [JavaFX Application Thread] DEBUG Input                - Clearing active input actions
18:33:26.298 [JavaFX Application Thread] DEBUG GameApplicationServi - Removing overlay from MemoryMainMenu and adding to FXGLMainMenuDummyScene
18:33:26.298 [JavaFX Application Thread] DEBUG PrimaryStageWindow   - FXGLMainMenuDummyScene <- MemoryMainMenu
18:33:26.298 [JavaFX Application Thread] DEBUG Input                - Clearing active input actions
18:33:26.304 [JavaFX Application Thread] DEBUG GameApplicationServi - Removing overlay from FXGLMainMenuDummyScene and adding to FXGLLoadingScene
18:33:26.304 [JavaFX Application Thread] DEBUG PrimaryStageWindow   - FXGLMainMenuDummyScene -> FXGLLoadingScene
18:33:26.304 [JavaFX Application Thread] DEBUG GameApplicationServi - Clearing previous game
18:33:26.304 [JavaFX Application Thread] DEBUG GameScene            - Clearing game scene
18:33:26.304 [JavaFX Application Thread] DEBUG GameWorld            - Clearing game world
18:33:26.304 [JavaFX Application Thread] DEBUG PhysicsWorld         - Clearing physics world
18:33:26.308 [FXGL Background Thread 2 ] DEBUG FXGLApplication      - Initializing game
18:33:26.313 [FXGL Background Thread 2 ] DEBUG FXGLAssetLoaderServi - Loading from file system: file:/C:/Users/Pjwel/AppData/Roaming/Code/User/workspaceStorage/c85e22aabd94f7a2095e311f4aecbb23/redhat.java/jdt_ws/javaFXGLresearch_8d82a203/bin/assets/textures/gameimage.jpg
18:33:26.346 [FXGL Background Thread 2 ] INFO  FXGLApplication      - Game initialization took: 0.038 sec
18:33:26.366 [JavaFX Application Thread] DEBUG Input                - Clearing active input actions
18:33:26.378 [JavaFX Application Thread] DEBUG GameApplicationServi - Removing overlay from FXGLLoadingScene and adding to GameScene
18:33:26.378 [JavaFX Application Thread] DEBUG PrimaryStageWindow   - FXGLLoadingScene -> GameScene
18:33:36.929 [JavaFX Application Thread] DEBUG FXGLAssetLoaderServi - Loading from file system: file:/C:/Users/Pjwel/AppData/Roaming/Code/User/workspaceStorage/c85e22aabd94f7a2095e311f4aecbb23/redhat.java/jdt_ws/javaFXGLresearch_8d82a203/bin/assets/sounds/flip.wav
18:33:37.977 [JavaFX Application Thread] DEBUG FXGLAssetLoaderServi - Loading from file system: file:/C:/Users/Pjwel/AppData/Roaming/Code/User/workspaceStorage/c85e22aabd94f7a2095e311f4aecbb23/redhat.java/jdt_ws/javaFXGLresearch_8d82a203/bin/assets/sounds/wilhelm.wav
18:33:42.521 [JavaFX Application Thread] DEBUG FXGLAssetLoaderServi - Loading from file system: file:/C:/Users/Pjwel/AppData/Roaming/Code/User/workspaceStorage/c85e22aabd94f7a2095e311f4aecbb23/redhat.java/jdt_ws/javaFXGLresearch_8d82a203/bin/assets/sounds/match.wav
18:34:06.665 [JavaFX Application Thread] DEBUG FXGLAssetLoaderServi - Loading from file system: file:/C:/Users/Pjwel/AppData/Roaming/Code/User/workspaceStorage/c85e22aabd94f7a2095e311f4aecbb23/redhat.java/jdt_ws/javaFXGLresearch_8d82a203/bin/assets/sounds/speech.wav
18:34:19.769 [JavaFX Application Thread] DEBUG FXGLAssetLoaderServi - Loading from file system: file:/C:/Users/Pjwel/AppData/Roaming/Code/User/workspaceStorage/c85e22aabd94f7a2095e311f4aecbb23/redhat.java/jdt_ws/javaFXGLresearch_8d82a203/bin/assets/sounds/done.wav
18:34:19.782 [JavaFX Application Thread] DEBUG PrimaryStageWindow   - Push state: DialogSubScene
18:34:19.782 [JavaFX Application Thread] DEBUG Input                - Clearing active input actions
18:34:19.782 [JavaFX Application Thread] DEBUG GameApplicationServi - Removing overlay from GameScene and adding to DialogSubScene
18:34:19.782 [JavaFX Application Thread] DEBUG PrimaryStageWindow   - GameScene -> DialogSubScene
18:34:44.436 [JavaFX Application Thread] DEBUG PrimaryStageWindow   - Pop state: DialogSubScene
18:34:44.436 [JavaFX Application Thread] DEBUG Input                - Clearing active input actions
18:34:44.436 [JavaFX Application Thread] DEBUG GameApplicationServi - Removing overlay from DialogSubScene and adding to GameScene
18:34:44.436 [JavaFX Application Thread] DEBUG PrimaryStageWindow   - GameScene <- DialogSubScene
18:34:44.436 [JavaFX Application Thread] DEBUG Input                - Clearing active input actions
18:34:44.440 [JavaFX Application Thread] DEBUG GameApplicationServi - Removing overlay from GameScene and adding to FXGLMainMenuDummyScene
18:34:44.440 [JavaFX Application Thread] DEBUG PrimaryStageWindow   - GameScene -> FXGLMainMenuDummyScene
18:34:44.440 [JavaFX Application Thread] DEBUG PrimaryStageWindow   - Push state: MemoryMainMenu
18:34:44.440 [JavaFX Application Thread] DEBUG Input                - Clearing active input actions
18:34:44.440 [JavaFX Application Thread] DEBUG GameApplicationServi - Removing overlay from FXGLMainMenuDummyScene and adding to MemoryMainMenu
18:34:44.440 [JavaFX Application Thread] DEBUG PrimaryStageWindow   - FXGLMainMenuDummyScene -> MemoryMainMenu
18:34:45.938 [JavaFX Application Thread] DEBUG Menu                 - fireNewGame()
18:34:45.938 [JavaFX Application Thread] DEBUG GameApplicationServi - Starting new game
18:34:45.938 [JavaFX Application Thread] DEBUG PrimaryStageWindow   - Pop state: MemoryMainMenu
18:34:45.938 [JavaFX Application Thread] DEBUG Input                - Clearing active input actions
18:34:45.938 [JavaFX Application Thread] DEBUG GameApplicationServi - Removing overlay from MemoryMainMenu and adding to FXGLMainMenuDummyScene
18:34:45.938 [JavaFX Application Thread] DEBUG PrimaryStageWindow   - FXGLMainMenuDummyScene <- MemoryMainMenu
18:34:45.938 [JavaFX Application Thread] DEBUG Input                - Clearing active input actions
18:34:45.941 [JavaFX Application Thread] DEBUG GameApplicationServi - Removing overlay from FXGLMainMenuDummyScene and adding to FXGLLoadingScene
18:34:45.941 [JavaFX Application Thread] DEBUG PrimaryStageWindow   - FXGLMainMenuDummyScene -> FXGLLoadingScene
18:34:45.941 [JavaFX Application Thread] DEBUG GameApplicationServi - Clearing previous game
18:34:45.941 [JavaFX Application Thread] DEBUG GameScene            - Clearing game scene
18:34:45.941 [JavaFX Application Thread] DEBUG GameWorld            - Clearing game world
18:34:45.943 [JavaFX Application Thread] DEBUG PhysicsWorld         - Clearing physics world
18:34:45.944 [FXGL Background Thread 5 ] DEBUG FXGLApplication      - Initializing game
18:34:45.952 [FXGL Background Thread 5 ] INFO  FXGLApplication      - Game initialization took: 0.009 sec
18:34:45.953 [JavaFX Application Thread] DEBUG Input                - Clearing active input actions
18:34:45.957 [JavaFX Application Thread] DEBUG GameApplicationServi - Removing overlay from FXGLLoadingScene and adding to GameScene
18:34:45.957 [JavaFX Application Thread] DEBUG PrimaryStageWindow   - FXGLLoadingScene -> GameScene
18:34:54.403 [JavaFX Application Thread] DEBUG PrimaryStageWindow   - Push state: PauseMenu
18:34:54.403 [JavaFX Application Thread] DEBUG Input                - Clearing active input actions
18:34:54.403 [JavaFX Application Thread] DEBUG GameApplicationServi - Removing overlay from GameScene and adding to PauseMenu
18:34:54.403 [JavaFX Application Thread] DEBUG PrimaryStageWindow   - GameScene -> PauseMenu
18:35:03.003 [JavaFX Application Thread] DEBUG Menu                 - fireResume()
18:35:03.004 [JavaFX Application Thread] DEBUG PrimaryStageWindow   - Pop state: PauseMenu
18:35:03.004 [JavaFX Application Thread] DEBUG Input                - Clearing active input actions
18:35:03.004 [JavaFX Application Thread] DEBUG GameApplicationServi - Removing overlay from PauseMenu and adding to GameScene
18:35:03.004 [JavaFX Application Thread] DEBUG PrimaryStageWindow   - GameScene <- PauseMenu
18:35:39.738 [JavaFX Application Thread] DEBUG PrimaryStageWindow   - Push state: DialogSubScene
18:35:39.738 [JavaFX Application Thread] DEBUG Input                - Clearing active input actions
18:35:39.739 [JavaFX Application Thread] DEBUG GameApplicationServi - Removing overlay from GameScene and adding to DialogSubScene
18:35:39.739 [JavaFX Application Thread] DEBUG PrimaryStageWindow   - GameScene -> DialogSubScene
18:35:44.933 [JavaFX Application Thread] DEBUG PrimaryStageWindow   - Pop state: DialogSubScene
18:35:44.933 [JavaFX Application Thread] DEBUG Input                - Clearing active input actions
18:35:44.933 [JavaFX Application Thread] DEBUG GameApplicationServi - Removing overlay from DialogSubScene and adding to GameScene
18:35:44.933 [JavaFX Application Thread] DEBUG PrimaryStageWindow   - GameScene <- DialogSubScene
18:35:44.933 [JavaFX Application Thread] DEBUG Input                - Clearing active input actions
18:35:44.935 [JavaFX Application Thread] DEBUG GameApplicationServi - Removing overlay from GameScene and adding to FXGLMainMenuDummyScene
18:35:44.936 [JavaFX Application Thread] DEBUG PrimaryStageWindow   - GameScene -> FXGLMainMenuDummyScene
18:35:44.936 [JavaFX Application Thread] DEBUG PrimaryStageWindow   - Push state: MemoryMainMenu
18:35:44.936 [JavaFX Application Thread] DEBUG Input                - Clearing active input actions
18:35:44.936 [JavaFX Application Thread] DEBUG GameApplicationServi - Removing overlay from FXGLMainMenuDummyScene and adding to MemoryMainMenu
18:35:44.936 [JavaFX Application Thread] DEBUG PrimaryStageWindow   - FXGLMainMenuDummyScene -> MemoryMainMenu
18:36:12.676 [JavaFX Application Thread] DEBUG FXGLApplication      - Exiting FXGL
18:36:12.676 [JavaFX Application Thread] DEBUG LoopRunner           - Stopping loop
18:36:12.676 [JavaFX Application Thread] DEBUG SystemBundleService  - Saving FXGL system data
18:36:12.678 [JavaFX Application Thread] DEBUG FileSystemAccess     - Writing to: Z:\javaFXGLresearch\system\fxgl.bundle
18:36:12.680 [JavaFX Application Thread] DEBUG Async                - Shutting down background threads
18:36:12.680 [JavaFX Application Thread] DEBUG PrimaryStageWindow   - Closing main window
18:36:12.685 [JavaFX Application Thread] DEBUG Logger               - Closing Logger
