18:27:43.703 [main                     ] DEBUG Logger               - Configured Logger
18:27:43.727 [main                     ] DEBUG GameApplication      - Logging settings
Title: The Memory Game
Version: 0.0.1
Width: 800
Height: 800
Fullscreen: false
Intro: false
Profiling: false
Single step:false
App Mode: DEVELOPER
Menu Key: ESCAPE
Stage Style: DECORATED
Scene Factory: class MemoryPuzzle$1

18:27:44.136 [JavaFX Application Thread] DEBUG FXGLApplication      - Initializing FXGL
18:27:44.142 [JavaFX Application Thread] INFO  Engine               - FXGL-17.2 (20.08.2022 16.54) on WINDOWS (J:17.0.4.1 FX:19)
18:27:44.143 [JavaFX Application Thread] DEBUG Engine               - JRE Vendor Name: Oracle Corporation
18:27:44.143 [JavaFX Application Thread] DEBUG Engine               - Running on OS: Windows 10 version 10.0
18:27:44.143 [JavaFX Application Thread] DEBUG Engine               - Architecture: amd64
18:27:44.143 [JavaFX Application Thread] INFO  Engine               - Source code and latest versions at: https://github.com/AlmasB/FXGL
18:27:44.144 [JavaFX Application Thread] INFO  Engine               -       Ask questions and discuss at: https://github.com/AlmasB/FXGL/discussions
18:27:44.144 [JavaFX Application Thread] INFO  Engine               -              Join the FXGL chat at: https://gitter.im/AlmasB/FXGL
18:27:44.259 [JavaFX Application Thread] DEBUG PrimaryStageWindow   - Creating a JavaFX scene
18:27:44.300 [JavaFX Application Thread] DEBUG PrimaryStageWindow   - Target settings size: 800.0 x 800.0
18:27:44.301 [JavaFX Application Thread] DEBUG PrimaryStageWindow   - Scaled scene size:    800.0 x 800.0
18:27:44.301 [JavaFX Application Thread] DEBUG PrimaryStageWindow   - Scaled ratio: (1.0, 1.0)
18:27:44.302 [JavaFX Application Thread] DEBUG PrimaryStageWindow   - Set initial scene to FXGLStartupScene
18:27:44.308 [JavaFX Application Thread] DEBUG PrimaryStageWindow   - Opening main window
18:27:44.389 [JavaFX Application Thread] DEBUG PrimaryStageWindow   - Window border size: (16.0, 39.0)
18:27:44.389 [JavaFX Application Thread] DEBUG PrimaryStageWindow   - Scaled size: 800.0 x 800.0
18:27:44.390 [JavaFX Application Thread] DEBUG PrimaryStageWindow   - Scaled ratio: (1.0, 1.0)
18:27:44.390 [JavaFX Application Thread] DEBUG PrimaryStageWindow   - Scene size: 800.0 x 800.0
18:27:44.390 [JavaFX Application Thread] DEBUG PrimaryStageWindow   - Stage size: 816.0 x 839.0
18:27:44.398 [FXGL Background Thread 1 ] DEBUG Engine               - Initializing environment variables
18:27:44.443 [FXGL Background Thread 1 ] DEBUG FXGLAssetLoaderServi - User app class for loading assets: class MemoryPuzzle
18:27:44.444 [FXGL Background Thread 1 ] DEBUG GameApplicationServi - Applying CSS: fxgl_dark.css
18:27:44.445 [FXGL Background Thread 1 ] DEBUG FXGLAssetLoaderServi - Loading from file system: jar:file:/D:/Downloads/fxgl-17.2-uber.jar!/fxglassets/ui/css/fxgl_dark.css
18:27:44.486 [FXGL Background Thread 1 ] DEBUG GameApplicationServi - Initializing application scenes
18:27:44.524 [FXGL Background Thread 1 ] DEBUG GameWorld            - Game world initialized
18:27:44.582 [FXGL Background Thread 1 ] DEBUG PhysicsWorld         - Physics world initialized: appHeight=800, physics.ppm=50.0
18:27:44.583 [FXGL Background Thread 1 ] DEBUG PhysicsWorld         - Using strategy: BRUTE_FORCE
18:27:44.587 [FXGL Background Thread 1 ] DEBUG GameScene            - Game scene initialized: 800x800
18:27:44.643 [FXGL Background Thread 1 ] DEBUG GameApplicationServi - Application scenes initialized
18:27:44.660 [FXGL Background Thread 1 ] DEBUG SystemBundleService  - Loading FXGL system data
18:27:44.666 [FXGL Background Thread 1 ] DEBUG FileSystemAccess     - Reading from: Z:\javaFXGLresearch\system\fxgl.bundle
18:27:44.672 [FXGL Background Thread 1 ] DEBUG SystemBundleService  - Bundle FXGL: {}
18:27:44.672 [FXGL Background Thread 1 ] DEBUG UpdaterService       - Checking for updates
18:27:44.681 [FXGL Background Thread 4 ] DEBUG FXGLApplication      - Loading fonts
18:27:44.682 [FXGL Background Thread 4 ] DEBUG FXGLAssetLoaderServi - Loading from file system: jar:file:/D:/Downloads/fxgl-17.2-uber.jar!/fxglassets/ui/fonts/VarelaRound-Regular.ttf
18:27:44.682 [FXGL Background Thread 1 ] DEBUG FXGLApplication      - Loading default localization
18:27:44.683 [FXGL Background Thread 1 ] DEBUG FXGLAssetLoaderServi - Loading from file system: jar:file:/D:/Downloads/fxgl-17.2-uber.jar!/fxglassets/languages/english.lang
18:27:44.709 [FXGL Background Thread 1 ] INFO  FXGLApplication      - FXGL initialization took: 0.311 sec
18:27:44.711 [JavaFX Application Thread] DEBUG FXGLAssetLoaderServi - Loading from file system: jar:file:/D:/Downloads/fxgl-17.2-uber.jar!/fxglassets/textures/fxgl_icon.png
18:27:44.781 [FXGL Background Thread 4 ] DEBUG FXGLAssetLoaderServi - Loading from file system: jar:file:/D:/Downloads/fxgl-17.2-uber.jar!/fxglassets/ui/fonts/Abel-Regular.ttf
18:27:44.787 [JavaFX Application Thread] DEBUG FXGLAssetLoaderServi - Loading from file system: jar:file:/D:/Downloads/fxgl-17.2-uber.jar!/fxglassets/textures/fxgl_default_cursor.png
18:27:44.789 [FXGL Background Thread 4 ] DEBUG FXGLAssetLoaderServi - Loading from file system: jar:file:/D:/Downloads/fxgl-17.2-uber.jar!/fxglassets/ui/fonts/TerminalLandMono-Regular.otf
18:27:44.800 [FXGL Background Thread 4 ] DEBUG FXGLAssetLoaderServi - Loading from file system: jar:file:/D:/Downloads/fxgl-17.2-uber.jar!/fxglassets/ui/fonts/Courier-Prime.ttf
18:27:44.815 [JavaFX Application Thread] DEBUG Input                - Registered new binding: Screenshot - CTRL+8
18:27:44.816 [JavaFX Application Thread] DEBUG Input                - Registered new binding: System info dump - CTRL+9
18:27:44.816 [JavaFX Application Thread] DEBUG Input                - Registered new binding: Restart - CTRL+R
18:27:44.817 [JavaFX Application Thread] DEBUG Input                - Registered new binding: Toggle Debug Camera - CTRL+7
18:27:44.821 [JavaFX Application Thread] DEBUG LoopRunner           - Starting loop
18:27:44.821 [JavaFX Application Thread] DEBUG LoopRunner           - Initializing JavaFX AnimationTimerLoop
18:27:44.831 [JavaFX Application Thread] DEBUG Input                - Clearing active input actions
18:27:44.841 [JavaFX Application Thread] DEBUG GameApplicationServi - Removing overlay from FXGLStartupScene and adding to FXGLMainMenuDummyScene
18:27:44.842 [JavaFX Application Thread] DEBUG PrimaryStageWindow   - FXGLStartupScene -> FXGLMainMenuDummyScene
18:27:44.842 [JavaFX Application Thread] DEBUG PrimaryStageWindow   - Push state: MemoryMainMenu
18:27:44.844 [JavaFX Application Thread] DEBUG Input                - Clearing active input actions
18:27:44.849 [JavaFX Application Thread] DEBUG GameApplicationServi - Removing overlay from FXGLMainMenuDummyScene and adding to MemoryMainMenu
18:27:44.850 [JavaFX Application Thread] DEBUG PrimaryStageWindow   - FXGLMainMenuDummyScene -> MemoryMainMenu
18:27:44.860 [JavaFX Application Thread] DEBUG FXGLApplication      - Registering font factories with UI factory
18:27:45.526 [JavaFX Application Thread] DEBUG Menu                 - fireExit()
18:27:45.535 [JavaFX Application Thread] DEBUG PrimaryStageWindow   - Push state: DialogSubScene
18:27:45.535 [JavaFX Application Thread] DEBUG Input                - Clearing active input actions
18:27:45.539 [JavaFX Application Thread] DEBUG GameApplicationServi - Removing overlay from MemoryMainMenu and adding to DialogSubScene
18:27:45.539 [JavaFX Application Thread] DEBUG PrimaryStageWindow   - MemoryMainMenu -> DialogSubScene
18:27:46.368 [JavaFX Application Thread] DEBUG PrimaryStageWindow   - Pop state: DialogSubScene
18:27:46.369 [JavaFX Application Thread] DEBUG Input                - Clearing active input actions
18:27:46.369 [JavaFX Application Thread] DEBUG GameApplicationServi - Removing overlay from DialogSubScene and adding to MemoryMainMenu
18:27:46.369 [JavaFX Application Thread] DEBUG PrimaryStageWindow   - MemoryMainMenu <- DialogSubScene
18:27:47.052 [JavaFX Application Thread] DEBUG Menu                 - fireNewGame()
18:27:47.052 [JavaFX Application Thread] DEBUG GameApplicationServi - Starting new game
18:27:47.052 [JavaFX Application Thread] DEBUG PrimaryStageWindow   - Pop state: MemoryMainMenu
18:27:47.052 [JavaFX Application Thread] DEBUG Input                - Clearing active input actions
18:27:47.053 [JavaFX Application Thread] DEBUG GameApplicationServi - Removing overlay from MemoryMainMenu and adding to FXGLMainMenuDummyScene
18:27:47.053 [JavaFX Application Thread] DEBUG PrimaryStageWindow   - FXGLMainMenuDummyScene <- MemoryMainMenu
18:27:47.053 [JavaFX Application Thread] DEBUG Input                - Clearing active input actions
18:27:47.058 [JavaFX Application Thread] DEBUG GameApplicationServi - Removing overlay from FXGLMainMenuDummyScene and adding to FXGLLoadingScene
18:27:47.058 [JavaFX Application Thread] DEBUG PrimaryStageWindow   - FXGLMainMenuDummyScene -> FXGLLoadingScene
18:27:47.058 [JavaFX Application Thread] DEBUG GameApplicationServi - Clearing previous game
18:27:47.058 [JavaFX Application Thread] DEBUG GameScene            - Clearing game scene
18:27:47.058 [JavaFX Application Thread] DEBUG GameWorld            - Clearing game world
18:27:47.058 [JavaFX Application Thread] DEBUG PhysicsWorld         - Clearing physics world
18:27:47.060 [FXGL Background Thread 2 ] DEBUG FXGLApplication      - Initializing game
18:27:47.064 [FXGL Background Thread 2 ] DEBUG FXGLAssetLoaderServi - Loading from file system: file:/C:/Users/Pjwel/AppData/Roaming/Code/User/workspaceStorage/c85e22aabd94f7a2095e311f4aecbb23/redhat.java/jdt_ws/javaFXGLresearch_8d82a203/bin/assets/textures/gameimage.jpg
18:27:47.089 [FXGL Background Thread 2 ] INFO  FXGLApplication      - Game initialization took: 0.029 sec
18:27:47.090 [JavaFX Application Thread] DEBUG Input                - Clearing active input actions
18:27:47.098 [JavaFX Application Thread] DEBUG GameApplicationServi - Removing overlay from FXGLLoadingScene and adding to GameScene
18:27:47.098 [JavaFX Application Thread] DEBUG PrimaryStageWindow   - FXGLLoadingScene -> GameScene
18:27:47.681 [FXGL Background Thread 3 ] DEBUG Engine               - Logging environment variables
18:27:47.682 [FXGL Background Thread 3 ] DEBUG Engine               - achievements: []
18:27:47.683 [FXGL Background Thread 3 ] DEBUG Engine               - actualHeight: 800.0
18:27:47.684 [FXGL Background Thread 3 ] DEBUG Engine               - actualHeightProperty: ReadOnlyDoubleProperty [value: 800.0]
18:27:47.684 [FXGL Background Thread 3 ] DEBUG Engine               - actualWidth: 800.0
18:27:47.684 [FXGL Background Thread 3 ] DEBUG Engine               - actualWidthProperty: ReadOnlyDoubleProperty [value: 800.0]
18:27:47.685 [FXGL Background Thread 3 ] DEBUG Engine               - appIcon: fxgl_icon.png
18:27:47.685 [FXGL Background Thread 3 ] DEBUG Engine               - applicationMode: DEVELOPER
18:27:47.685 [FXGL Background Thread 3 ] DEBUG Engine               - cSSList: [fxgl_dark.css]
18:27:47.686 [FXGL Background Thread 3 ] DEBUG Engine               - collisionDetectionStrategy: BRUTE_FORCE
18:27:47.686 [FXGL Background Thread 3 ] DEBUG Engine               - configClass: Optional.empty
18:27:47.686 [FXGL Background Thread 3 ] DEBUG Engine               - credits: []
18:27:47.689 [FXGL Background Thread 3 ] DEBUG Engine               - defaultCursor: CursorInfo(imageName=fxgl_default_cursor.png, hotspotX=7.0, hotspotY=6.0)
18:27:47.690 [FXGL Background Thread 3 ] DEBUG Engine               - devBBoxColorProperty: ObjectProperty [value: 0xff0000ff]
18:27:47.690 [FXGL Background Thread 3 ] DEBUG Engine               - devEnableDebugCameraProperty: BooleanProperty [value: false]
18:27:47.691 [FXGL Background Thread 3 ] DEBUG Engine               - devSensorColorProperty: ObjectProperty [value: 0xffff00ff]
18:27:47.691 [FXGL Background Thread 3 ] DEBUG Engine               - devShowBBoxProperty: BooleanProperty [value: false]
18:27:47.691 [FXGL Background Thread 3 ] DEBUG Engine               - devShowPositionProperty: BooleanProperty [value: false]
18:27:47.691 [FXGL Background Thread 3 ] DEBUG Engine               - enabledMenuItems: []
18:27:47.692 [FXGL Background Thread 3 ] DEBUG Engine               - engineServices: [class com.almasb.fxgl.app.services.FXGLAssetLoaderService, class com.almasb.fxgl.app.FXGLApplication$GameApplicationService, class com.almasb.fxgl.app.services.FXGLDialogService, class com.almasb.fxgl.app.services.IOTaskExecutorService, class com.almasb.fxgl.io.FileSystemService, class com.almasb.fxgl.localization.LocalizationService, class com.almasb.fxgl.app.services.SystemBundleService, class com.almasb.fxgl.profile.SaveLoadService, class com.almasb.fxgl.ui.FXGLUIFactoryServiceProvider, class com.almasb.fxgl.ui.FXGLDialogFactoryServiceProvider, class com.almasb.fxgl.audio.AudioPlayer, class com.almasb.fxgl.notification.impl.NotificationServiceProvider, class com.almasb.fxgl.achievement.AchievementService, class com.almasb.fxgl.cutscene.CutsceneService, class com.almasb.fxgl.minigames.MiniGameService, class com.almasb.fxgl.net.NetService, class com.almasb.fxgl.app.services.UpdaterService, class com.almasb.fxgl.dev.DevService]
18:27:47.692 [FXGL Background Thread 3 ] DEBUG Engine               - fontGame: Abel-Regular.ttf
18:27:47.693 [FXGL Background Thread 3 ] DEBUG Engine               - fontMono: TerminalLandMono-Regular.otf
18:27:47.693 [FXGL Background Thread 3 ] DEBUG Engine               - fontText: Courier-Prime.ttf
18:27:47.694 [FXGL Background Thread 3 ] DEBUG Engine               - fontUI: VarelaRound-Regular.ttf
18:27:47.694 [FXGL Background Thread 3 ] DEBUG Engine               - fullScreen: BooleanProperty [value: false]
18:27:47.695 [FXGL Background Thread 3 ] DEBUG Engine               - gameDifficulty: MEDIUM
18:27:47.695 [FXGL Background Thread 3 ] DEBUG Engine               - gameDifficultyProperty: ObjectProperty [value: MEDIUM]
18:27:47.695 [FXGL Background Thread 3 ] DEBUG Engine               - globalMusicVolume: 0.5
18:27:47.696 [FXGL Background Thread 3 ] DEBUG Engine               - globalMusicVolumeProperty: DoubleProperty [value: 0.5]
18:27:47.697 [FXGL Background Thread 3 ] DEBUG Engine               - globalSoundVolume: 0.5
18:27:47.697 [FXGL Background Thread 3 ] DEBUG Engine               - globalSoundVolumeProperty: DoubleProperty [value: 0.5]
18:27:47.697 [FXGL Background Thread 3 ] DEBUG Engine               - height: 800
18:27:47.697 [FXGL Background Thread 3 ] DEBUG Engine               - is3D: false
18:27:47.698 [FXGL Background Thread 3 ] DEBUG Engine               - isAndroid: false
18:27:47.698 [FXGL Background Thread 3 ] DEBUG Engine               - isBrowser: false
18:27:47.699 [FXGL Background Thread 3 ] DEBUG Engine               - isClickFeedbackEnabled: false
18:27:47.699 [FXGL Background Thread 3 ] DEBUG Engine               - isCloseConfirmation: false
18:27:47.699 [FXGL Background Thread 3 ] DEBUG Engine               - isDesktop: true
18:27:47.699 [FXGL Background Thread 3 ] DEBUG Engine               - isDeveloperMenuEnabled: false
18:27:47.700 [FXGL Background Thread 3 ] DEBUG Engine               - isEmbedded: false
18:27:47.700 [FXGL Background Thread 3 ] DEBUG Engine               - isEntityPreloadEnabled: true
18:27:47.701 [FXGL Background Thread 3 ] DEBUG Engine               - isExperimentalTiledLargeMap: false
18:27:47.701 [FXGL Background Thread 3 ] DEBUG Engine               - isFileSystemWriteAllowed: true
18:27:47.701 [FXGL Background Thread 3 ] DEBUG Engine               - isFullScreenAllowed: false
18:27:47.702 [FXGL Background Thread 3 ] DEBUG Engine               - isFullScreenFromStart: false
18:27:47.702 [FXGL Background Thread 3 ] DEBUG Engine               - isGameMenuEnabled: true
18:27:47.702 [FXGL Background Thread 3 ] DEBUG Engine               - isIOS: false
18:27:47.702 [FXGL Background Thread 3 ] DEBUG Engine               - isIntroEnabled: false
18:27:47.703 [FXGL Background Thread 3 ] DEBUG Engine               - isLinux: false
18:27:47.703 [FXGL Background Thread 3 ] DEBUG Engine               - isMac: false
18:27:47.703 [FXGL Background Thread 3 ] DEBUG Engine               - isMainMenuEnabled: true
18:27:47.703 [FXGL Background Thread 3 ] DEBUG Engine               - isManualResizeEnabled: false
18:27:47.703 [FXGL Background Thread 3 ] DEBUG Engine               - isMobile: false
18:27:47.704 [FXGL Background Thread 3 ] DEBUG Engine               - isNative: false
18:27:47.704 [FXGL Background Thread 3 ] DEBUG Engine               - isPauseMusicWhenMinimized: true
18:27:47.704 [FXGL Background Thread 3 ] DEBUG Engine               - isPreserveResizeRatio: false
18:27:47.705 [FXGL Background Thread 3 ] DEBUG Engine               - isProfilingEnabled: false
18:27:47.705 [FXGL Background Thread 3 ] DEBUG Engine               - isScaleAffectedOnResize: true
18:27:47.705 [FXGL Background Thread 3 ] DEBUG Engine               - isSingleStep: false
18:27:47.705 [FXGL Background Thread 3 ] DEBUG Engine               - isUserProfileEnabled: false
18:27:47.705 [FXGL Background Thread 3 ] DEBUG Engine               - isWindows: true
18:27:47.706 [FXGL Background Thread 3 ] DEBUG Engine               - language: ObjectProperty [value: ENGLISH]
18:27:47.706 [FXGL Background Thread 3 ] DEBUG Engine               - menuKey: ESCAPE
18:27:47.706 [FXGL Background Thread 3 ] DEBUG Engine               - mouseSensitivity: 0.2
18:27:47.706 [FXGL Background Thread 3 ] DEBUG Engine               - notificationViewClass: class com.almasb.fxgl.notification.view.XboxNotificationView
18:27:47.707 [FXGL Background Thread 3 ] DEBUG Engine               - pixelsPerMeter: 50.0
18:27:47.707 [FXGL Background Thread 3 ] DEBUG Engine               - platform: WINDOWS
18:27:47.708 [FXGL Background Thread 3 ] DEBUG Engine               - prefHeightProperty: ReadOnlyDoubleProperty [value: 800.0]
18:27:47.708 [FXGL Background Thread 3 ] DEBUG Engine               - prefWidthProperty: ReadOnlyDoubleProperty [value: 800.0]
18:27:47.708 [FXGL Background Thread 3 ] DEBUG Engine               - profileDir: profiles/
18:27:47.708 [FXGL Background Thread 3 ] DEBUG Engine               - profileName: StringProperty [value: DEFAULT]
18:27:47.709 [FXGL Background Thread 3 ] DEBUG Engine               - randomSeed: -1
18:27:47.710 [FXGL Background Thread 3 ] DEBUG Engine               - runtimeInfo: RuntimeInfo(platform=WINDOWS, version=17.2, build=20.08.2022 16.54)
18:27:47.711 [FXGL Background Thread 3 ] DEBUG Engine               - saveFileExt: sav
18:27:47.711 [FXGL Background Thread 3 ] DEBUG Engine               - scaledHeightProp$fxgl: DoubleProperty [bound, value: 800.0]
18:27:47.712 [FXGL Background Thread 3 ] DEBUG Engine               - scaledWidthProp$fxgl: DoubleProperty [bound, value: 800.0]
18:27:47.712 [FXGL Background Thread 3 ] DEBUG Engine               - sceneFactory: MemoryPuzzle$1@70939348
18:27:47.712 [FXGL Background Thread 3 ] DEBUG Engine               - secondsIn24h: 60
18:27:47.712 [FXGL Background Thread 3 ] DEBUG Engine               - soundMenuBack: menu/back.wav
18:27:47.712 [FXGL Background Thread 3 ] DEBUG Engine               - soundMenuPress: menu/press.wav
18:27:47.712 [FXGL Background Thread 3 ] DEBUG Engine               - soundMenuSelect: menu/select.wav
18:27:47.712 [FXGL Background Thread 3 ] DEBUG Engine               - soundNotification: core/notification.wav
18:27:47.712 [FXGL Background Thread 3 ] DEBUG Engine               - stageStyle: DECORATED
18:27:47.712 [FXGL Background Thread 3 ] DEBUG Engine               - supportedLanguages: [ENGLISH, FRENCH, GERMAN, HUNGARIAN, RUSSIAN]
18:27:47.713 [FXGL Background Thread 3 ] DEBUG Engine               - ticksPerSecond: -1
18:27:47.713 [FXGL Background Thread 3 ] DEBUG Engine               - title: The Memory Game
18:27:47.713 [FXGL Background Thread 3 ] DEBUG Engine               - urlGithub: https://github.com/AlmasB/FXGL
18:27:47.713 [FXGL Background Thread 3 ] DEBUG Engine               - urlLeaderboard: http://fxgl-top.herokuapp.com/
18:27:47.713 [FXGL Background Thread 3 ] DEBUG Engine               - urlPOM: https://raw.githubusercontent.com/AlmasB/FXGL/release/README.md
18:27:47.713 [FXGL Background Thread 3 ] DEBUG Engine               - userAppClass: class MemoryPuzzle
18:27:47.713 [FXGL Background Thread 3 ] DEBUG Engine               - version: 0.0.1
18:27:47.713 [FXGL Background Thread 3 ] DEBUG Engine               - versionCheckDays: 7
18:27:47.713 [FXGL Background Thread 3 ] DEBUG Engine               - width: 800
18:27:47.713 [FXGL Background Thread 3 ] DEBUG Engine               - Logging services
18:27:47.713 [FXGL Background Thread 3 ] DEBUG Engine               - class com.almasb.fxgl.app.services.FXGLAssetLoaderService
18:27:47.713 [FXGL Background Thread 3 ] DEBUG Engine               - class com.almasb.fxgl.app.FXGLApplication$GameApplicationService
18:27:47.714 [FXGL Background Thread 3 ] DEBUG Engine               - class com.almasb.fxgl.app.services.FXGLDialogService
18:27:47.714 [FXGL Background Thread 3 ] DEBUG Engine               - class com.almasb.fxgl.app.services.IOTaskExecutorService
18:27:47.714 [FXGL Background Thread 3 ] DEBUG Engine               - class com.almasb.fxgl.io.FileSystemService
18:27:47.714 [FXGL Background Thread 3 ] DEBUG Engine               - class com.almasb.fxgl.localization.LocalizationService
18:27:47.714 [FXGL Background Thread 3 ] DEBUG Engine               - class com.almasb.fxgl.app.services.SystemBundleService
18:27:47.714 [FXGL Background Thread 3 ] DEBUG Engine               - class com.almasb.fxgl.profile.SaveLoadService
18:27:47.714 [FXGL Background Thread 3 ] DEBUG Engine               - class com.almasb.fxgl.ui.FXGLUIFactoryServiceProvider
18:27:47.714 [FXGL Background Thread 3 ] DEBUG Engine               - class com.almasb.fxgl.ui.FXGLDialogFactoryServiceProvider
18:27:47.714 [FXGL Background Thread 3 ] DEBUG Engine               - class com.almasb.fxgl.audio.AudioPlayer
18:27:47.714 [FXGL Background Thread 3 ] DEBUG Engine               - class com.almasb.fxgl.notification.impl.NotificationServiceProvider
18:27:47.714 [FXGL Background Thread 3 ] DEBUG Engine               - class com.almasb.fxgl.achievement.AchievementService
18:27:47.714 [FXGL Background Thread 3 ] DEBUG Engine               - class com.almasb.fxgl.cutscene.CutsceneService
18:27:47.714 [FXGL Background Thread 3 ] DEBUG Engine               - class com.almasb.fxgl.minigames.MiniGameService
18:27:47.715 [FXGL Background Thread 3 ] DEBUG Engine               - class com.almasb.fxgl.net.NetService
18:27:47.715 [FXGL Background Thread 3 ] DEBUG Engine               - class com.almasb.fxgl.app.services.UpdaterService
18:27:47.715 [FXGL Background Thread 3 ] DEBUG Engine               - class com.almasb.fxgl.dev.DevService
18:27:48.104 [JavaFX Application Thread] DEBUG FXGLAssetLoaderServi - Loading from file system: file:/C:/Users/Pjwel/AppData/Roaming/Code/User/workspaceStorage/c85e22aabd94f7a2095e311f4aecbb23/redhat.java/jdt_ws/javaFXGLresearch_8d82a203/bin/assets/sounds/flip.wav
18:27:48.918 [JavaFX Application Thread] DEBUG FXGLAssetLoaderServi - Loading from file system: file:/C:/Users/Pjwel/AppData/Roaming/Code/User/workspaceStorage/c85e22aabd94f7a2095e311f4aecbb23/redhat.java/jdt_ws/javaFXGLresearch_8d82a203/bin/assets/sounds/wilhelm.wav
18:27:55.622 [JavaFX Application Thread] DEBUG FXGLAssetLoaderServi - Loading from file system: file:/C:/Users/Pjwel/AppData/Roaming/Code/User/workspaceStorage/c85e22aabd94f7a2095e311f4aecbb23/redhat.java/jdt_ws/javaFXGLresearch_8d82a203/bin/assets/sounds/match.wav
18:28:27.542 [JavaFX Application Thread] DEBUG FXGLAssetLoaderServi - Loading from file system: file:/C:/Users/Pjwel/AppData/Roaming/Code/User/workspaceStorage/c85e22aabd94f7a2095e311f4aecbb23/redhat.java/jdt_ws/javaFXGLresearch_8d82a203/bin/assets/sounds/speech.wav
18:28:39.782 [JavaFX Application Thread] DEBUG FXGLAssetLoaderServi - Loading from file system: file:/C:/Users/Pjwel/AppData/Roaming/Code/User/workspaceStorage/c85e22aabd94f7a2095e311f4aecbb23/redhat.java/jdt_ws/javaFXGLresearch_8d82a203/bin/assets/sounds/done.wav
18:28:39.789 [JavaFX Application Thread] DEBUG PrimaryStageWindow   - Push state: DialogSubScene
18:28:39.789 [JavaFX Application Thread] DEBUG Input                - Clearing active input actions
18:28:39.790 [JavaFX Application Thread] DEBUG GameApplicationServi - Removing overlay from GameScene and adding to DialogSubScene
18:28:39.791 [JavaFX Application Thread] DEBUG PrimaryStageWindow   - GameScene -> DialogSubScene
18:28:40.812 [JavaFX Application Thread] DEBUG PrimaryStageWindow   - Pop state: DialogSubScene
18:28:40.812 [JavaFX Application Thread] DEBUG Input                - Clearing active input actions
18:28:40.812 [JavaFX Application Thread] DEBUG GameApplicationServi - Removing overlay from DialogSubScene and adding to GameScene
18:28:40.813 [JavaFX Application Thread] DEBUG PrimaryStageWindow   - GameScene <- DialogSubScene
18:28:40.813 [JavaFX Application Thread] DEBUG Input                - Clearing active input actions
18:28:40.816 [JavaFX Application Thread] DEBUG GameApplicationServi - Removing overlay from GameScene and adding to FXGLMainMenuDummyScene
18:28:40.816 [JavaFX Application Thread] DEBUG PrimaryStageWindow   - GameScene -> FXGLMainMenuDummyScene
18:28:40.816 [JavaFX Application Thread] DEBUG PrimaryStageWindow   - Push state: MemoryMainMenu
18:28:40.816 [JavaFX Application Thread] DEBUG Input                - Clearing active input actions
18:28:40.817 [JavaFX Application Thread] DEBUG GameApplicationServi - Removing overlay from FXGLMainMenuDummyScene and adding to MemoryMainMenu
18:28:40.817 [JavaFX Application Thread] DEBUG PrimaryStageWindow   - FXGLMainMenuDummyScene -> MemoryMainMenu
18:28:41.595 [JavaFX Application Thread] DEBUG Menu                 - fireNewGame()
18:28:41.595 [JavaFX Application Thread] DEBUG GameApplicationServi - Starting new game
18:28:41.595 [JavaFX Application Thread] DEBUG PrimaryStageWindow   - Pop state: MemoryMainMenu
18:28:41.595 [JavaFX Application Thread] DEBUG Input                - Clearing active input actions
18:28:41.595 [JavaFX Application Thread] DEBUG GameApplicationServi - Removing overlay from MemoryMainMenu and adding to FXGLMainMenuDummyScene
18:28:41.596 [JavaFX Application Thread] DEBUG PrimaryStageWindow   - FXGLMainMenuDummyScene <- MemoryMainMenu
18:28:41.596 [JavaFX Application Thread] DEBUG Input                - Clearing active input actions
18:28:41.600 [JavaFX Application Thread] DEBUG GameApplicationServi - Removing overlay from FXGLMainMenuDummyScene and adding to FXGLLoadingScene
18:28:41.600 [JavaFX Application Thread] DEBUG PrimaryStageWindow   - FXGLMainMenuDummyScene -> FXGLLoadingScene
18:28:41.600 [JavaFX Application Thread] DEBUG GameApplicationServi - Clearing previous game
18:28:41.600 [JavaFX Application Thread] DEBUG GameScene            - Clearing game scene
18:28:41.600 [JavaFX Application Thread] DEBUG GameWorld            - Clearing game world
18:28:41.603 [JavaFX Application Thread] DEBUG PhysicsWorld         - Clearing physics world
18:28:41.603 [FXGL Background Thread 2 ] DEBUG FXGLApplication      - Initializing game
18:28:41.611 [FXGL Background Thread 2 ] INFO  FXGLApplication      - Game initialization took: 0.007 sec
18:28:41.611 [JavaFX Application Thread] DEBUG Input                - Clearing active input actions
18:28:41.616 [JavaFX Application Thread] DEBUG GameApplicationServi - Removing overlay from FXGLLoadingScene and adding to GameScene
18:28:41.617 [JavaFX Application Thread] DEBUG PrimaryStageWindow   - FXGLLoadingScene -> GameScene
18:29:37.253 [JavaFX Application Thread] DEBUG PrimaryStageWindow   - Push state: DialogSubScene
18:29:37.254 [JavaFX Application Thread] DEBUG Input                - Clearing active input actions
18:29:37.254 [JavaFX Application Thread] DEBUG GameApplicationServi - Removing overlay from GameScene and adding to DialogSubScene
18:29:37.254 [JavaFX Application Thread] DEBUG PrimaryStageWindow   - GameScene -> DialogSubScene
18:29:37.999 [JavaFX Application Thread] DEBUG PrimaryStageWindow   - Pop state: DialogSubScene
18:29:37.999 [JavaFX Application Thread] DEBUG Input                - Clearing active input actions
18:29:37.999 [JavaFX Application Thread] DEBUG GameApplicationServi - Removing overlay from DialogSubScene and adding to GameScene
18:29:37.999 [JavaFX Application Thread] DEBUG PrimaryStageWindow   - GameScene <- DialogSubScene
18:29:37.999 [JavaFX Application Thread] DEBUG Input                - Clearing active input actions
18:29:38.002 [JavaFX Application Thread] DEBUG GameApplicationServi - Removing overlay from GameScene and adding to FXGLMainMenuDummyScene
18:29:38.002 [JavaFX Application Thread] DEBUG PrimaryStageWindow   - GameScene -> FXGLMainMenuDummyScene
18:29:38.002 [JavaFX Application Thread] DEBUG PrimaryStageWindow   - Push state: MemoryMainMenu
18:29:38.002 [JavaFX Application Thread] DEBUG Input                - Clearing active input actions
18:29:38.002 [JavaFX Application Thread] DEBUG GameApplicationServi - Removing overlay from FXGLMainMenuDummyScene and adding to MemoryMainMenu
18:29:38.002 [JavaFX Application Thread] DEBUG PrimaryStageWindow   - FXGLMainMenuDummyScene -> MemoryMainMenu
18:29:38.811 [JavaFX Application Thread] DEBUG Menu                 - fireNewGame()
18:29:38.811 [JavaFX Application Thread] DEBUG GameApplicationServi - Starting new game
18:29:38.811 [JavaFX Application Thread] DEBUG PrimaryStageWindow   - Pop state: MemoryMainMenu
18:29:38.811 [JavaFX Application Thread] DEBUG Input                - Clearing active input actions
18:29:38.811 [JavaFX Application Thread] DEBUG GameApplicationServi - Removing overlay from MemoryMainMenu and adding to FXGLMainMenuDummyScene
18:29:38.811 [JavaFX Application Thread] DEBUG PrimaryStageWindow   - FXGLMainMenuDummyScene <- MemoryMainMenu
18:29:38.811 [JavaFX Application Thread] DEBUG Input                - Clearing active input actions
18:29:38.813 [JavaFX Application Thread] DEBUG GameApplicationServi - Removing overlay from FXGLMainMenuDummyScene and adding to FXGLLoadingScene
18:29:38.813 [JavaFX Application Thread] DEBUG PrimaryStageWindow   - FXGLMainMenuDummyScene -> FXGLLoadingScene
18:29:38.814 [JavaFX Application Thread] DEBUG GameApplicationServi - Clearing previous game
18:29:38.814 [JavaFX Application Thread] DEBUG GameScene            - Clearing game scene
18:29:38.814 [JavaFX Application Thread] DEBUG GameWorld            - Clearing game world
18:29:38.815 [JavaFX Application Thread] DEBUG PhysicsWorld         - Clearing physics world
18:29:38.815 [FXGL Background Thread 2 ] DEBUG FXGLApplication      - Initializing game
18:29:38.819 [FXGL Background Thread 2 ] INFO  FXGLApplication      - Game initialization took: 0.004 sec
18:29:38.820 [JavaFX Application Thread] DEBUG Input                - Clearing active input actions
18:29:38.823 [JavaFX Application Thread] DEBUG GameApplicationServi - Removing overlay from FXGLLoadingScene and adding to GameScene
18:29:38.823 [JavaFX Application Thread] DEBUG PrimaryStageWindow   - FXGLLoadingScene -> GameScene
18:29:45.687 [JavaFX Application Thread] DEBUG FXGLApplication      - Exiting FXGL
18:29:45.687 [JavaFX Application Thread] DEBUG LoopRunner           - Stopping loop
18:29:45.687 [JavaFX Application Thread] DEBUG SystemBundleService  - Saving FXGL system data
18:29:45.688 [JavaFX Application Thread] DEBUG FileSystemAccess     - Writing to: Z:\javaFXGLresearch\system\fxgl.bundle
18:29:45.689 [JavaFX Application Thread] DEBUG Async                - Shutting down background threads
18:29:45.689 [JavaFX Application Thread] DEBUG PrimaryStageWindow   - Closing main window
18:29:45.701 [JavaFX Application Thread] DEBUG Logger               - Closing Logger
