18:36:58.579 [main                     ] DEBUG Logger               - Configured Logger
18:36:58.601 [main                     ] DEBUG GameApplication      - Logging settings
Title: The Memory Game
Version: 0.0.1
Width: 800
Height: 800
Fullscreen: false
Intro: false
Profiling: false
Single step:false
App Mode: DEVELOPER
Menu Key: ESCAPE
Stage Style: DECORATED
Scene Factory: class MemoryPuzzle$1

18:36:58.999 [JavaFX Application Thread] DEBUG FXGLApplication      - Initializing FXGL
18:36:59.005 [JavaFX Application Thread] INFO  Engine               - FXGL-17.2 (20.08.2022 16.54) on WINDOWS (J:17.0.4.1 FX:19)
18:36:59.005 [JavaFX Application Thread] DEBUG Engine               - JRE Vendor Name: Oracle Corporation
18:36:59.006 [JavaFX Application Thread] DEBUG Engine               - Running on OS: Windows 10 version 10.0
18:36:59.006 [JavaFX Application Thread] DEBUG Engine               - Architecture: amd64
18:36:59.006 [JavaFX Application Thread] INFO  Engine               - Source code and latest versions at: https://github.com/AlmasB/FXGL
18:36:59.006 [JavaFX Application Thread] INFO  Engine               -       Ask questions and discuss at: https://github.com/AlmasB/FXGL/discussions
18:36:59.007 [JavaFX Application Thread] INFO  Engine               -              Join the FXGL chat at: https://gitter.im/AlmasB/FXGL
18:36:59.122 [JavaFX Application Thread] DEBUG PrimaryStageWindow   - Creating a JavaFX scene
18:36:59.162 [JavaFX Application Thread] DEBUG PrimaryStageWindow   - Target settings size: 800.0 x 800.0
18:36:59.162 [JavaFX Application Thread] DEBUG PrimaryStageWindow   - Scaled scene size:    800.0 x 800.0
18:36:59.162 [JavaFX Application Thread] DEBUG PrimaryStageWindow   - Scaled ratio: (1.0, 1.0)
18:36:59.163 [JavaFX Application Thread] DEBUG PrimaryStageWindow   - Set initial scene to FXGLStartupScene
18:36:59.170 [JavaFX Application Thread] DEBUG PrimaryStageWindow   - Opening main window
18:36:59.248 [JavaFX Application Thread] DEBUG PrimaryStageWindow   - Window border size: (16.0, 39.0)
18:36:59.248 [JavaFX Application Thread] DEBUG PrimaryStageWindow   - Scaled size: 800.0 x 800.0
18:36:59.249 [JavaFX Application Thread] DEBUG PrimaryStageWindow   - Scaled ratio: (1.0, 1.0)
18:36:59.249 [JavaFX Application Thread] DEBUG PrimaryStageWindow   - Scene size: 800.0 x 800.0
18:36:59.250 [JavaFX Application Thread] DEBUG PrimaryStageWindow   - Stage size: 816.0 x 839.0
18:36:59.257 [FXGL Background Thread 1 ] DEBUG Engine               - Initializing environment variables
18:36:59.296 [FXGL Background Thread 1 ] DEBUG FXGLAssetLoaderServi - User app class for loading assets: class MemoryPuzzle
18:36:59.296 [FXGL Background Thread 1 ] DEBUG GameApplicationServi - Applying CSS: fxgl_dark.css
18:36:59.297 [FXGL Background Thread 1 ] DEBUG FXGLAssetLoaderServi - Loading from file system: jar:file:/D:/Downloads/fxgl-17.2-uber.jar!/fxglassets/ui/css/fxgl_dark.css
18:36:59.341 [FXGL Background Thread 1 ] DEBUG GameApplicationServi - Initializing application scenes
18:36:59.375 [FXGL Background Thread 1 ] DEBUG GameWorld            - Game world initialized
18:36:59.429 [FXGL Background Thread 1 ] DEBUG PhysicsWorld         - Physics world initialized: appHeight=800, physics.ppm=50.0
18:36:59.430 [FXGL Background Thread 1 ] DEBUG PhysicsWorld         - Using strategy: BRUTE_FORCE
18:36:59.433 [FXGL Background Thread 1 ] DEBUG GameScene            - Game scene initialized: 800x800
18:36:59.487 [FXGL Background Thread 1 ] DEBUG GameApplicationServi - Application scenes initialized
18:36:59.503 [FXGL Background Thread 1 ] DEBUG SystemBundleService  - Loading FXGL system data
18:36:59.507 [FXGL Background Thread 1 ] DEBUG FileSystemAccess     - Reading from: Z:\javaFXGLresearch\system\fxgl.bundle
18:36:59.514 [FXGL Background Thread 1 ] DEBUG SystemBundleService  - Bundle FXGL: {}
18:36:59.514 [FXGL Background Thread 1 ] DEBUG UpdaterService       - Checking for updates
18:36:59.521 [FXGL Background Thread 4 ] DEBUG FXGLApplication      - Loading fonts
18:36:59.521 [FXGL Background Thread 4 ] DEBUG FXGLAssetLoaderServi - Loading from file system: jar:file:/D:/Downloads/fxgl-17.2-uber.jar!/fxglassets/ui/fonts/VarelaRound-Regular.ttf
18:36:59.522 [FXGL Background Thread 1 ] DEBUG FXGLApplication      - Loading default localization
18:36:59.522 [FXGL Background Thread 1 ] DEBUG FXGLAssetLoaderServi - Loading from file system: jar:file:/D:/Downloads/fxgl-17.2-uber.jar!/fxglassets/languages/english.lang
18:36:59.547 [FXGL Background Thread 1 ] INFO  FXGLApplication      - FXGL initialization took: 0.291 sec
18:36:59.550 [JavaFX Application Thread] DEBUG FXGLAssetLoaderServi - Loading from file system: jar:file:/D:/Downloads/fxgl-17.2-uber.jar!/fxglassets/textures/fxgl_icon.png
18:36:59.583 [FXGL Background Thread 4 ] DEBUG FXGLAssetLoaderServi - Loading from file system: jar:file:/D:/Downloads/fxgl-17.2-uber.jar!/fxglassets/ui/fonts/Abel-Regular.ttf
18:36:59.588 [FXGL Background Thread 4 ] DEBUG FXGLAssetLoaderServi - Loading from file system: jar:file:/D:/Downloads/fxgl-17.2-uber.jar!/fxglassets/ui/fonts/TerminalLandMono-Regular.otf
18:36:59.592 [FXGL Background Thread 4 ] DEBUG FXGLAssetLoaderServi - Loading from file system: jar:file:/D:/Downloads/fxgl-17.2-uber.jar!/fxglassets/ui/fonts/Courier-Prime.ttf
18:36:59.594 [JavaFX Application Thread] DEBUG FXGLAssetLoaderServi - Loading from file system: jar:file:/D:/Downloads/fxgl-17.2-uber.jar!/fxglassets/textures/fxgl_default_cursor.png
18:36:59.609 [JavaFX Application Thread] DEBUG Input                - Registered new binding: Screenshot - CTRL+8
18:36:59.610 [JavaFX Application Thread] DEBUG Input                - Registered new binding: System info dump - CTRL+9
18:36:59.610 [JavaFX Application Thread] DEBUG Input                - Registered new binding: Restart - CTRL+R
18:36:59.611 [JavaFX Application Thread] DEBUG Input                - Registered new binding: Toggle Debug Camera - CTRL+7
18:36:59.614 [JavaFX Application Thread] DEBUG LoopRunner           - Starting loop
18:36:59.615 [JavaFX Application Thread] DEBUG LoopRunner           - Initializing JavaFX AnimationTimerLoop
18:36:59.618 [JavaFX Application Thread] DEBUG Input                - Clearing active input actions
18:36:59.624 [JavaFX Application Thread] DEBUG GameApplicationServi - Removing overlay from FXGLStartupScene and adding to FXGLMainMenuDummyScene
18:36:59.624 [JavaFX Application Thread] DEBUG PrimaryStageWindow   - FXGLStartupScene -> FXGLMainMenuDummyScene
18:36:59.624 [JavaFX Application Thread] DEBUG PrimaryStageWindow   - Push state: MemoryMainMenu
18:36:59.624 [JavaFX Application Thread] DEBUG Input                - Clearing active input actions
18:36:59.628 [JavaFX Application Thread] DEBUG GameApplicationServi - Removing overlay from FXGLMainMenuDummyScene and adding to MemoryMainMenu
18:36:59.629 [JavaFX Application Thread] DEBUG PrimaryStageWindow   - FXGLMainMenuDummyScene -> MemoryMainMenu
18:36:59.629 [JavaFX Application Thread] DEBUG FXGLApplication      - Registering font factories with UI factory
18:37:02.519 [FXGL Background Thread 3 ] DEBUG Engine               - Logging environment variables
18:37:02.520 [FXGL Background Thread 3 ] DEBUG Engine               - achievements: []
18:37:02.520 [FXGL Background Thread 3 ] DEBUG Engine               - actualHeight: 800.0
18:37:02.520 [FXGL Background Thread 3 ] DEBUG Engine               - actualHeightProperty: ReadOnlyDoubleProperty [value: 800.0]
18:37:02.520 [FXGL Background Thread 3 ] DEBUG Engine               - actualWidth: 800.0
18:37:02.520 [FXGL Background Thread 3 ] DEBUG Engine               - actualWidthProperty: ReadOnlyDoubleProperty [value: 800.0]
18:37:02.520 [FXGL Background Thread 3 ] DEBUG Engine               - appIcon: fxgl_icon.png
18:37:02.520 [FXGL Background Thread 3 ] DEBUG Engine               - applicationMode: DEVELOPER
18:37:02.521 [FXGL Background Thread 3 ] DEBUG Engine               - cSSList: [fxgl_dark.css]
18:37:02.521 [FXGL Background Thread 3 ] DEBUG Engine               - collisionDetectionStrategy: BRUTE_FORCE
18:37:02.521 [FXGL Background Thread 3 ] DEBUG Engine               - configClass: Optional.empty
18:37:02.521 [FXGL Background Thread 3 ] DEBUG Engine               - credits: []
18:37:02.522 [FXGL Background Thread 3 ] DEBUG Engine               - defaultCursor: CursorInfo(imageName=fxgl_default_cursor.png, hotspotX=7.0, hotspotY=6.0)
18:37:02.523 [FXGL Background Thread 3 ] DEBUG Engine               - devBBoxColorProperty: ObjectProperty [value: 0xff0000ff]
18:37:02.523 [FXGL Background Thread 3 ] DEBUG Engine               - devEnableDebugCameraProperty: BooleanProperty [value: false]
18:37:02.523 [FXGL Background Thread 3 ] DEBUG Engine               - devSensorColorProperty: ObjectProperty [value: 0xffff00ff]
18:37:02.523 [FXGL Background Thread 3 ] DEBUG Engine               - devShowBBoxProperty: BooleanProperty [value: false]
18:37:02.523 [FXGL Background Thread 3 ] DEBUG Engine               - devShowPositionProperty: BooleanProperty [value: false]
18:37:02.523 [FXGL Background Thread 3 ] DEBUG Engine               - enabledMenuItems: []
18:37:02.524 [FXGL Background Thread 3 ] DEBUG Engine               - engineServices: [class com.almasb.fxgl.app.services.FXGLAssetLoaderService, class com.almasb.fxgl.app.FXGLApplication$GameApplicationService, class com.almasb.fxgl.app.services.FXGLDialogService, class com.almasb.fxgl.app.services.IOTaskExecutorService, class com.almasb.fxgl.io.FileSystemService, class com.almasb.fxgl.localization.LocalizationService, class com.almasb.fxgl.app.services.SystemBundleService, class com.almasb.fxgl.profile.SaveLoadService, class com.almasb.fxgl.ui.FXGLUIFactoryServiceProvider, class com.almasb.fxgl.ui.FXGLDialogFactoryServiceProvider, class com.almasb.fxgl.audio.AudioPlayer, class com.almasb.fxgl.notification.impl.NotificationServiceProvider, class com.almasb.fxgl.achievement.AchievementService, class com.almasb.fxgl.cutscene.CutsceneService, class com.almasb.fxgl.minigames.MiniGameService, class com.almasb.fxgl.net.NetService, class com.almasb.fxgl.app.services.UpdaterService, class com.almasb.fxgl.dev.DevService]
18:37:02.524 [FXGL Background Thread 3 ] DEBUG Engine               - fontGame: Abel-Regular.ttf
18:37:02.524 [FXGL Background Thread 3 ] DEBUG Engine               - fontMono: TerminalLandMono-Regular.otf
18:37:02.524 [FXGL Background Thread 3 ] DEBUG Engine               - fontText: Courier-Prime.ttf
18:37:02.524 [FXGL Background Thread 3 ] DEBUG Engine               - fontUI: VarelaRound-Regular.ttf
18:37:02.524 [FXGL Background Thread 3 ] DEBUG Engine               - fullScreen: BooleanProperty [value: false]
18:37:02.524 [FXGL Background Thread 3 ] DEBUG Engine               - gameDifficulty: MEDIUM
18:37:02.524 [FXGL Background Thread 3 ] DEBUG Engine               - gameDifficultyProperty: ObjectProperty [value: MEDIUM]
18:37:02.524 [FXGL Background Thread 3 ] DEBUG Engine               - globalMusicVolume: 0.5
18:37:02.525 [FXGL Background Thread 3 ] DEBUG Engine               - globalMusicVolumeProperty: DoubleProperty [value: 0.5]
18:37:02.525 [FXGL Background Thread 3 ] DEBUG Engine               - globalSoundVolume: 0.5
18:37:02.525 [FXGL Background Thread 3 ] DEBUG Engine               - globalSoundVolumeProperty: DoubleProperty [value: 0.5]
18:37:02.525 [FXGL Background Thread 3 ] DEBUG Engine               - height: 800
18:37:02.525 [FXGL Background Thread 3 ] DEBUG Engine               - is3D: false
18:37:02.525 [FXGL Background Thread 3 ] DEBUG Engine               - isAndroid: false
18:37:02.525 [FXGL Background Thread 3 ] DEBUG Engine               - isBrowser: false
18:37:02.525 [FXGL Background Thread 3 ] DEBUG Engine               - isClickFeedbackEnabled: false
18:37:02.525 [FXGL Background Thread 3 ] DEBUG Engine               - isCloseConfirmation: false
18:37:02.526 [FXGL Background Thread 3 ] DEBUG Engine               - isDesktop: true
18:37:02.526 [FXGL Background Thread 3 ] DEBUG Engine               - isDeveloperMenuEnabled: false
18:37:02.526 [FXGL Background Thread 3 ] DEBUG Engine               - isEmbedded: false
18:37:02.526 [FXGL Background Thread 3 ] DEBUG Engine               - isEntityPreloadEnabled: true
18:37:02.526 [FXGL Background Thread 3 ] DEBUG Engine               - isExperimentalTiledLargeMap: false
18:37:02.526 [FXGL Background Thread 3 ] DEBUG Engine               - isFileSystemWriteAllowed: true
18:37:02.526 [FXGL Background Thread 3 ] DEBUG Engine               - isFullScreenAllowed: false
18:37:02.526 [FXGL Background Thread 3 ] DEBUG Engine               - isFullScreenFromStart: false
18:37:02.526 [FXGL Background Thread 3 ] DEBUG Engine               - isGameMenuEnabled: true
18:37:02.526 [FXGL Background Thread 3 ] DEBUG Engine               - isIOS: false
18:37:02.527 [FXGL Background Thread 3 ] DEBUG Engine               - isIntroEnabled: false
18:37:02.527 [FXGL Background Thread 3 ] DEBUG Engine               - isLinux: false
18:37:02.527 [FXGL Background Thread 3 ] DEBUG Engine               - isMac: false
18:37:02.527 [FXGL Background Thread 3 ] DEBUG Engine               - isMainMenuEnabled: true
18:37:02.527 [FXGL Background Thread 3 ] DEBUG Engine               - isManualResizeEnabled: false
18:37:02.527 [FXGL Background Thread 3 ] DEBUG Engine               - isMobile: false
18:37:02.527 [FXGL Background Thread 3 ] DEBUG Engine               - isNative: false
18:37:02.527 [FXGL Background Thread 3 ] DEBUG Engine               - isPauseMusicWhenMinimized: true
18:37:02.527 [FXGL Background Thread 3 ] DEBUG Engine               - isPreserveResizeRatio: false
18:37:02.527 [FXGL Background Thread 3 ] DEBUG Engine               - isProfilingEnabled: false
18:37:02.528 [FXGL Background Thread 3 ] DEBUG Engine               - isScaleAffectedOnResize: true
18:37:02.528 [FXGL Background Thread 3 ] DEBUG Engine               - isSingleStep: false
18:37:02.528 [FXGL Background Thread 3 ] DEBUG Engine               - isUserProfileEnabled: false
18:37:02.528 [FXGL Background Thread 3 ] DEBUG Engine               - isWindows: true
18:37:02.528 [FXGL Background Thread 3 ] DEBUG Engine               - language: ObjectProperty [value: ENGLISH]
18:37:02.528 [FXGL Background Thread 3 ] DEBUG Engine               - menuKey: ESCAPE
18:37:02.528 [FXGL Background Thread 3 ] DEBUG Engine               - mouseSensitivity: 0.2
18:37:02.528 [FXGL Background Thread 3 ] DEBUG Engine               - notificationViewClass: class com.almasb.fxgl.notification.view.XboxNotificationView
18:37:02.528 [FXGL Background Thread 3 ] DEBUG Engine               - pixelsPerMeter: 50.0
18:37:02.528 [FXGL Background Thread 3 ] DEBUG Engine               - platform: WINDOWS
18:37:02.529 [FXGL Background Thread 3 ] DEBUG Engine               - prefHeightProperty: ReadOnlyDoubleProperty [value: 800.0]
18:37:02.529 [FXGL Background Thread 3 ] DEBUG Engine               - prefWidthProperty: ReadOnlyDoubleProperty [value: 800.0]
18:37:02.529 [FXGL Background Thread 3 ] DEBUG Engine               - profileDir: profiles/
18:37:02.529 [FXGL Background Thread 3 ] DEBUG Engine               - profileName: StringProperty [value: DEFAULT]
18:37:02.529 [FXGL Background Thread 3 ] DEBUG Engine               - randomSeed: -1
18:37:02.529 [FXGL Background Thread 3 ] DEBUG Engine               - runtimeInfo: RuntimeInfo(platform=WINDOWS, version=17.2, build=20.08.2022 16.54)
18:37:02.529 [FXGL Background Thread 3 ] DEBUG Engine               - saveFileExt: sav
18:37:02.530 [FXGL Background Thread 3 ] DEBUG Engine               - scaledHeightProp$fxgl: DoubleProperty [bound, value: 800.0]
18:37:02.530 [FXGL Background Thread 3 ] DEBUG Engine               - scaledWidthProp$fxgl: DoubleProperty [bound, value: 800.0]
18:37:02.530 [FXGL Background Thread 3 ] DEBUG Engine               - sceneFactory: MemoryPuzzle$1@2e247ca4
18:37:02.530 [FXGL Background Thread 3 ] DEBUG Engine               - secondsIn24h: 60
18:37:02.530 [FXGL Background Thread 3 ] DEBUG Engine               - soundMenuBack: menu/back.wav
18:37:02.530 [FXGL Background Thread 3 ] DEBUG Engine               - soundMenuPress: menu/press.wav
18:37:02.530 [FXGL Background Thread 3 ] DEBUG Engine               - soundMenuSelect: menu/select.wav
18:37:02.530 [FXGL Background Thread 3 ] DEBUG Engine               - soundNotification: core/notification.wav
18:37:02.530 [FXGL Background Thread 3 ] DEBUG Engine               - stageStyle: DECORATED
18:37:02.530 [FXGL Background Thread 3 ] DEBUG Engine               - supportedLanguages: [ENGLISH, FRENCH, GERMAN, HUNGARIAN, RUSSIAN]
18:37:02.531 [FXGL Background Thread 3 ] DEBUG Engine               - ticksPerSecond: -1
18:37:02.531 [FXGL Background Thread 3 ] DEBUG Engine               - title: The Memory Game
18:37:02.531 [FXGL Background Thread 3 ] DEBUG Engine               - urlGithub: https://github.com/AlmasB/FXGL
18:37:02.531 [FXGL Background Thread 3 ] DEBUG Engine               - urlLeaderboard: http://fxgl-top.herokuapp.com/
18:37:02.531 [FXGL Background Thread 3 ] DEBUG Engine               - urlPOM: https://raw.githubusercontent.com/AlmasB/FXGL/release/README.md
18:37:02.531 [FXGL Background Thread 3 ] DEBUG Engine               - userAppClass: class MemoryPuzzle
18:37:02.531 [FXGL Background Thread 3 ] DEBUG Engine               - version: 0.0.1
18:37:02.531 [FXGL Background Thread 3 ] DEBUG Engine               - versionCheckDays: 7
18:37:02.531 [FXGL Background Thread 3 ] DEBUG Engine               - width: 800
18:37:02.531 [FXGL Background Thread 3 ] DEBUG Engine               - Logging services
18:37:02.531 [FXGL Background Thread 3 ] DEBUG Engine               - class com.almasb.fxgl.app.services.FXGLAssetLoaderService
18:37:02.531 [FXGL Background Thread 3 ] DEBUG Engine               - class com.almasb.fxgl.app.FXGLApplication$GameApplicationService
18:37:02.532 [FXGL Background Thread 3 ] DEBUG Engine               - class com.almasb.fxgl.app.services.FXGLDialogService
18:37:02.532 [FXGL Background Thread 3 ] DEBUG Engine               - class com.almasb.fxgl.app.services.IOTaskExecutorService
18:37:02.532 [FXGL Background Thread 3 ] DEBUG Engine               - class com.almasb.fxgl.io.FileSystemService
18:37:02.532 [FXGL Background Thread 3 ] DEBUG Engine               - class com.almasb.fxgl.localization.LocalizationService
18:37:02.532 [FXGL Background Thread 3 ] DEBUG Engine               - class com.almasb.fxgl.app.services.SystemBundleService
18:37:02.532 [FXGL Background Thread 3 ] DEBUG Engine               - class com.almasb.fxgl.profile.SaveLoadService
18:37:02.532 [FXGL Background Thread 3 ] DEBUG Engine               - class com.almasb.fxgl.ui.FXGLUIFactoryServiceProvider
18:37:02.532 [FXGL Background Thread 3 ] DEBUG Engine               - class com.almasb.fxgl.ui.FXGLDialogFactoryServiceProvider
18:37:02.532 [FXGL Background Thread 3 ] DEBUG Engine               - class com.almasb.fxgl.audio.AudioPlayer
18:37:02.532 [FXGL Background Thread 3 ] DEBUG Engine               - class com.almasb.fxgl.notification.impl.NotificationServiceProvider
18:37:02.532 [FXGL Background Thread 3 ] DEBUG Engine               - class com.almasb.fxgl.achievement.AchievementService
18:37:02.532 [FXGL Background Thread 3 ] DEBUG Engine               - class com.almasb.fxgl.cutscene.CutsceneService
18:37:02.533 [FXGL Background Thread 3 ] DEBUG Engine               - class com.almasb.fxgl.minigames.MiniGameService
18:37:02.533 [FXGL Background Thread 3 ] DEBUG Engine               - class com.almasb.fxgl.net.NetService
18:37:02.533 [FXGL Background Thread 3 ] DEBUG Engine               - class com.almasb.fxgl.app.services.UpdaterService
18:37:02.533 [FXGL Background Thread 3 ] DEBUG Engine               - class com.almasb.fxgl.dev.DevService
18:37:08.396 [JavaFX Application Thread] DEBUG Menu                 - fireNewGame()
18:37:08.396 [JavaFX Application Thread] DEBUG GameApplicationServi - Starting new game
18:37:08.396 [JavaFX Application Thread] DEBUG PrimaryStageWindow   - Pop state: MemoryMainMenu
18:37:08.396 [JavaFX Application Thread] DEBUG Input                - Clearing active input actions
18:37:08.397 [JavaFX Application Thread] DEBUG GameApplicationServi - Removing overlay from MemoryMainMenu and adding to FXGLMainMenuDummyScene
18:37:08.397 [JavaFX Application Thread] DEBUG PrimaryStageWindow   - FXGLMainMenuDummyScene <- MemoryMainMenu
18:37:08.397 [JavaFX Application Thread] DEBUG Input                - Clearing active input actions
18:37:08.402 [JavaFX Application Thread] DEBUG GameApplicationServi - Removing overlay from FXGLMainMenuDummyScene and adding to FXGLLoadingScene
18:37:08.402 [JavaFX Application Thread] DEBUG PrimaryStageWindow   - FXGLMainMenuDummyScene -> FXGLLoadingScene
18:37:08.402 [JavaFX Application Thread] DEBUG GameApplicationServi - Clearing previous game
18:37:08.402 [JavaFX Application Thread] DEBUG GameScene            - Clearing game scene
18:37:08.402 [JavaFX Application Thread] DEBUG GameWorld            - Clearing game world
18:37:08.402 [JavaFX Application Thread] DEBUG PhysicsWorld         - Clearing physics world
18:37:08.404 [FXGL Background Thread 2 ] DEBUG FXGLApplication      - Initializing game
18:37:08.412 [FXGL Background Thread 2 ] DEBUG FXGLAssetLoaderServi - Loading from file system: file:/C:/Users/Pjwel/AppData/Roaming/Code/User/workspaceStorage/c85e22aabd94f7a2095e311f4aecbb23/redhat.java/jdt_ws/javaFXGLresearch_8d82a203/bin/assets/textures/gameimage.jpg
18:37:08.443 [FXGL Background Thread 2 ] INFO  FXGLApplication      - Game initialization took: 0.039 sec
18:37:08.464 [JavaFX Application Thread] DEBUG Input                - Clearing active input actions
18:37:08.474 [JavaFX Application Thread] DEBUG GameApplicationServi - Removing overlay from FXGLLoadingScene and adding to GameScene
18:37:08.474 [JavaFX Application Thread] DEBUG PrimaryStageWindow   - FXGLLoadingScene -> GameScene
18:37:11.118 [JavaFX Application Thread] DEBUG PrimaryStageWindow   - Push state: PauseMenu
18:37:11.119 [JavaFX Application Thread] DEBUG Input                - Clearing active input actions
18:37:11.119 [JavaFX Application Thread] DEBUG GameApplicationServi - Removing overlay from GameScene and adding to PauseMenu
18:37:11.120 [JavaFX Application Thread] DEBUG PrimaryStageWindow   - GameScene -> PauseMenu
18:37:16.154 [JavaFX Application Thread] DEBUG Menu                 - fireResume()
18:37:16.154 [JavaFX Application Thread] DEBUG PrimaryStageWindow   - Pop state: PauseMenu
18:37:16.154 [JavaFX Application Thread] DEBUG Input                - Clearing active input actions
18:37:16.154 [JavaFX Application Thread] DEBUG GameApplicationServi - Removing overlay from PauseMenu and adding to GameScene
18:37:16.154 [JavaFX Application Thread] DEBUG PrimaryStageWindow   - GameScene <- PauseMenu
18:37:16.754 [JavaFX Application Thread] DEBUG PrimaryStageWindow   - Push state: PauseMenu
18:37:16.754 [JavaFX Application Thread] DEBUG Input                - Clearing active input actions
18:37:16.755 [JavaFX Application Thread] DEBUG GameApplicationServi - Removing overlay from GameScene and adding to PauseMenu
18:37:16.755 [JavaFX Application Thread] DEBUG PrimaryStageWindow   - GameScene -> PauseMenu
18:37:17.356 [JavaFX Application Thread] DEBUG Menu                 - fireExitToMainMenu()
18:37:17.362 [JavaFX Application Thread] DEBUG PrimaryStageWindow   - Push state: DialogSubScene
18:37:17.362 [JavaFX Application Thread] DEBUG Input                - Clearing active input actions
18:37:17.362 [JavaFX Application Thread] DEBUG GameApplicationServi - Removing overlay from PauseMenu and adding to DialogSubScene
18:37:17.362 [JavaFX Application Thread] DEBUG PrimaryStageWindow   - PauseMenu -> DialogSubScene
18:37:18.426 [JavaFX Application Thread] DEBUG PrimaryStageWindow   - Pop state: DialogSubScene
18:37:18.426 [JavaFX Application Thread] DEBUG Input                - Clearing active input actions
18:37:18.426 [JavaFX Application Thread] DEBUG GameApplicationServi - Removing overlay from DialogSubScene and adding to PauseMenu
18:37:18.426 [JavaFX Application Thread] DEBUG PrimaryStageWindow   - PauseMenu <- DialogSubScene
18:37:18.426 [JavaFX Application Thread] DEBUG PrimaryStageWindow   - Pop state: PauseMenu
18:37:18.426 [JavaFX Application Thread] DEBUG Input                - Clearing active input actions
18:37:18.426 [JavaFX Application Thread] DEBUG GameApplicationServi - Removing overlay from PauseMenu and adding to GameScene
18:37:18.426 [JavaFX Application Thread] DEBUG PrimaryStageWindow   - GameScene <- PauseMenu
18:37:18.427 [JavaFX Application Thread] DEBUG Input                - Clearing active input actions
18:37:18.430 [JavaFX Application Thread] DEBUG GameApplicationServi - Removing overlay from GameScene and adding to FXGLMainMenuDummyScene
18:37:18.430 [JavaFX Application Thread] DEBUG PrimaryStageWindow   - GameScene -> FXGLMainMenuDummyScene
18:37:18.430 [JavaFX Application Thread] DEBUG PrimaryStageWindow   - Push state: MemoryMainMenu
18:37:18.430 [JavaFX Application Thread] DEBUG Input                - Clearing active input actions
18:37:18.430 [JavaFX Application Thread] DEBUG GameApplicationServi - Removing overlay from FXGLMainMenuDummyScene and adding to MemoryMainMenu
18:37:18.430 [JavaFX Application Thread] DEBUG PrimaryStageWindow   - FXGLMainMenuDummyScene -> MemoryMainMenu
18:37:19.982 [JavaFX Application Thread] DEBUG Menu                 - fireNewGame()
18:37:19.982 [JavaFX Application Thread] DEBUG GameApplicationServi - Starting new game
18:37:19.982 [JavaFX Application Thread] DEBUG PrimaryStageWindow   - Pop state: MemoryMainMenu
18:37:19.982 [JavaFX Application Thread] DEBUG Input                - Clearing active input actions
18:37:19.982 [JavaFX Application Thread] DEBUG GameApplicationServi - Removing overlay from MemoryMainMenu and adding to FXGLMainMenuDummyScene
18:37:19.982 [JavaFX Application Thread] DEBUG PrimaryStageWindow   - FXGLMainMenuDummyScene <- MemoryMainMenu
18:37:19.982 [JavaFX Application Thread] DEBUG Input                - Clearing active input actions
18:37:19.986 [JavaFX Application Thread] DEBUG GameApplicationServi - Removing overlay from FXGLMainMenuDummyScene and adding to FXGLLoadingScene
18:37:19.986 [JavaFX Application Thread] DEBUG PrimaryStageWindow   - FXGLMainMenuDummyScene -> FXGLLoadingScene
18:37:19.986 [JavaFX Application Thread] DEBUG GameApplicationServi - Clearing previous game
18:37:19.986 [JavaFX Application Thread] DEBUG GameScene            - Clearing game scene
18:37:19.986 [JavaFX Application Thread] DEBUG GameWorld            - Clearing game world
18:37:19.989 [JavaFX Application Thread] DEBUG PhysicsWorld         - Clearing physics world
18:37:19.989 [FXGL Background Thread 2 ] DEBUG FXGLApplication      - Initializing game
18:37:19.997 [FXGL Background Thread 2 ] INFO  FXGLApplication      - Game initialization took: 0.008 sec
18:37:19.997 [JavaFX Application Thread] DEBUG Input                - Clearing active input actions
18:37:20.002 [JavaFX Application Thread] DEBUG GameApplicationServi - Removing overlay from FXGLLoadingScene and adding to GameScene
18:37:20.002 [JavaFX Application Thread] DEBUG PrimaryStageWindow   - FXGLLoadingScene -> GameScene
18:37:20.902 [JavaFX Application Thread] DEBUG FXGLAssetLoaderServi - Loading from file system: file:/C:/Users/Pjwel/AppData/Roaming/Code/User/workspaceStorage/c85e22aabd94f7a2095e311f4aecbb23/redhat.java/jdt_ws/javaFXGLresearch_8d82a203/bin/assets/sounds/flip.wav
18:37:21.942 [JavaFX Application Thread] DEBUG FXGLAssetLoaderServi - Loading from file system: file:/C:/Users/Pjwel/AppData/Roaming/Code/User/workspaceStorage/c85e22aabd94f7a2095e311f4aecbb23/redhat.java/jdt_ws/javaFXGLresearch_8d82a203/bin/assets/sounds/match.wav
18:37:23.718 [JavaFX Application Thread] DEBUG FXGLAssetLoaderServi - Loading from file system: file:/C:/Users/Pjwel/AppData/Roaming/Code/User/workspaceStorage/c85e22aabd94f7a2095e311f4aecbb23/redhat.java/jdt_ws/javaFXGLresearch_8d82a203/bin/assets/sounds/wilhelm.wav
18:38:00.485 [JavaFX Application Thread] DEBUG FXGLAssetLoaderServi - Loading from file system: file:/C:/Users/Pjwel/AppData/Roaming/Code/User/workspaceStorage/c85e22aabd94f7a2095e311f4aecbb23/redhat.java/jdt_ws/javaFXGLresearch_8d82a203/bin/assets/sounds/speech.wav
18:38:08.053 [JavaFX Application Thread] DEBUG FXGLAssetLoaderServi - Loading from file system: file:/C:/Users/Pjwel/AppData/Roaming/Code/User/workspaceStorage/c85e22aabd94f7a2095e311f4aecbb23/redhat.java/jdt_ws/javaFXGLresearch_8d82a203/bin/assets/sounds/done.wav
18:38:08.058 [JavaFX Application Thread] DEBUG PrimaryStageWindow   - Push state: DialogSubScene
18:38:08.059 [JavaFX Application Thread] DEBUG Input                - Clearing active input actions
18:38:08.061 [JavaFX Application Thread] DEBUG GameApplicationServi - Removing overlay from GameScene and adding to DialogSubScene
18:38:08.061 [JavaFX Application Thread] DEBUG PrimaryStageWindow   - GameScene -> DialogSubScene
18:38:22.654 [JavaFX Application Thread] DEBUG PrimaryStageWindow   - Pop state: DialogSubScene
18:38:22.654 [JavaFX Application Thread] DEBUG Input                - Clearing active input actions
18:38:22.654 [JavaFX Application Thread] DEBUG GameApplicationServi - Removing overlay from DialogSubScene and adding to GameScene
18:38:22.654 [JavaFX Application Thread] DEBUG PrimaryStageWindow   - GameScene <- DialogSubScene
18:38:22.655 [JavaFX Application Thread] DEBUG Input                - Clearing active input actions
18:38:22.657 [JavaFX Application Thread] DEBUG GameApplicationServi - Removing overlay from GameScene and adding to FXGLMainMenuDummyScene
18:38:22.657 [JavaFX Application Thread] DEBUG PrimaryStageWindow   - GameScene -> FXGLMainMenuDummyScene
18:38:22.657 [JavaFX Application Thread] DEBUG PrimaryStageWindow   - Push state: MemoryMainMenu
18:38:22.657 [JavaFX Application Thread] DEBUG Input                - Clearing active input actions
18:38:22.658 [JavaFX Application Thread] DEBUG GameApplicationServi - Removing overlay from FXGLMainMenuDummyScene and adding to MemoryMainMenu
18:38:22.658 [JavaFX Application Thread] DEBUG PrimaryStageWindow   - FXGLMainMenuDummyScene -> MemoryMainMenu
18:38:24.546 [JavaFX Application Thread] DEBUG Menu                 - fireNewGame()
18:38:24.546 [JavaFX Application Thread] DEBUG GameApplicationServi - Starting new game
18:38:24.546 [JavaFX Application Thread] DEBUG PrimaryStageWindow   - Pop state: MemoryMainMenu
18:38:24.546 [JavaFX Application Thread] DEBUG Input                - Clearing active input actions
18:38:24.546 [JavaFX Application Thread] DEBUG GameApplicationServi - Removing overlay from MemoryMainMenu and adding to FXGLMainMenuDummyScene
18:38:24.546 [JavaFX Application Thread] DEBUG PrimaryStageWindow   - FXGLMainMenuDummyScene <- MemoryMainMenu
18:38:24.546 [JavaFX Application Thread] DEBUG Input                - Clearing active input actions
18:38:24.549 [JavaFX Application Thread] DEBUG GameApplicationServi - Removing overlay from FXGLMainMenuDummyScene and adding to FXGLLoadingScene
18:38:24.549 [JavaFX Application Thread] DEBUG PrimaryStageWindow   - FXGLMainMenuDummyScene -> FXGLLoadingScene
18:38:24.549 [JavaFX Application Thread] DEBUG GameApplicationServi - Clearing previous game
18:38:24.549 [JavaFX Application Thread] DEBUG GameScene            - Clearing game scene
18:38:24.549 [JavaFX Application Thread] DEBUG GameWorld            - Clearing game world
18:38:24.550 [JavaFX Application Thread] DEBUG PhysicsWorld         - Clearing physics world
18:38:24.551 [FXGL Background Thread 5 ] DEBUG FXGLApplication      - Initializing game
18:38:24.557 [FXGL Background Thread 5 ] INFO  FXGLApplication      - Game initialization took: 0.006 sec
18:38:24.558 [JavaFX Application Thread] DEBUG Input                - Clearing active input actions
18:38:24.560 [JavaFX Application Thread] DEBUG GameApplicationServi - Removing overlay from FXGLLoadingScene and adding to GameScene
18:38:24.560 [JavaFX Application Thread] DEBUG PrimaryStageWindow   - FXGLLoadingScene -> GameScene
18:39:26.133 [JavaFX Application Thread] DEBUG PrimaryStageWindow   - Push state: DialogSubScene
18:39:26.134 [JavaFX Application Thread] DEBUG Input                - Clearing active input actions
18:39:26.134 [JavaFX Application Thread] DEBUG GameApplicationServi - Removing overlay from GameScene and adding to DialogSubScene
18:39:26.134 [JavaFX Application Thread] DEBUG PrimaryStageWindow   - GameScene -> DialogSubScene
18:39:39.936 [JavaFX Application Thread] DEBUG PrimaryStageWindow   - Pop state: DialogSubScene
18:39:39.936 [JavaFX Application Thread] DEBUG Input                - Clearing active input actions
18:39:39.937 [JavaFX Application Thread] DEBUG GameApplicationServi - Removing overlay from DialogSubScene and adding to GameScene
18:39:39.937 [JavaFX Application Thread] DEBUG PrimaryStageWindow   - GameScene <- DialogSubScene
18:39:39.937 [JavaFX Application Thread] DEBUG Input                - Clearing active input actions
18:39:39.939 [JavaFX Application Thread] DEBUG GameApplicationServi - Removing overlay from GameScene and adding to FXGLMainMenuDummyScene
18:39:39.939 [JavaFX Application Thread] DEBUG PrimaryStageWindow   - GameScene -> FXGLMainMenuDummyScene
18:39:39.939 [JavaFX Application Thread] DEBUG PrimaryStageWindow   - Push state: MemoryMainMenu
18:39:39.939 [JavaFX Application Thread] DEBUG Input                - Clearing active input actions
18:39:39.939 [JavaFX Application Thread] DEBUG GameApplicationServi - Removing overlay from FXGLMainMenuDummyScene and adding to MemoryMainMenu
18:39:39.939 [JavaFX Application Thread] DEBUG PrimaryStageWindow   - FXGLMainMenuDummyScene -> MemoryMainMenu
18:39:40.999 [JavaFX Application Thread] DEBUG Menu                 - fireExit()
18:39:41.001 [JavaFX Application Thread] DEBUG PrimaryStageWindow   - Push state: DialogSubScene
18:39:41.001 [JavaFX Application Thread] DEBUG Input                - Clearing active input actions
18:39:41.002 [JavaFX Application Thread] DEBUG GameApplicationServi - Removing overlay from MemoryMainMenu and adding to DialogSubScene
18:39:41.002 [JavaFX Application Thread] DEBUG PrimaryStageWindow   - MemoryMainMenu -> DialogSubScene
18:39:42.323 [JavaFX Application Thread] DEBUG PrimaryStageWindow   - Pop state: DialogSubScene
18:39:42.323 [JavaFX Application Thread] DEBUG Input                - Clearing active input actions
18:39:42.323 [JavaFX Application Thread] DEBUG GameApplicationServi - Removing overlay from DialogSubScene and adding to MemoryMainMenu
18:39:42.323 [JavaFX Application Thread] DEBUG PrimaryStageWindow   - MemoryMainMenu <- DialogSubScene
18:39:42.324 [JavaFX Application Thread] DEBUG FXGLApplication      - Exiting FXGL
18:39:42.324 [JavaFX Application Thread] DEBUG LoopRunner           - Stopping loop
18:39:42.324 [JavaFX Application Thread] DEBUG SystemBundleService  - Saving FXGL system data
18:39:42.325 [JavaFX Application Thread] DEBUG FileSystemAccess     - Writing to: Z:\javaFXGLresearch\system\fxgl.bundle
18:39:42.326 [JavaFX Application Thread] DEBUG Async                - Shutting down background threads
18:39:42.327 [JavaFX Application Thread] DEBUG PrimaryStageWindow   - Closing main window
18:39:42.338 [JavaFX Application Thread] DEBUG Logger               - Closing Logger
